{"/Users/shan/job-search-app/backend/jobFetcher.js": {"path":"/Users/shan/job-search-app/backend/jobFetcher.js","statementMap":{"0":{"start":{"line":1,"column":14},"end":{"line":1,"column":30}},"1":{"start":{"line":2,"column":11},"end":{"line":2,"column":24}},"2":{"start":{"line":3,"column":13},"end":{"line":3,"column":28}},"3":{"start":{"line":5,"column":16},"end":{"line":5,"column":45}},"4":{"start":{"line":6,"column":18},"end":{"line":6,"column":60}},"5":{"start":{"line":9,"column":2},"end":{"line":15,"column":18}},"6":{"start":{"line":19,"column":15},"end":{"line":19,"column":61}},"7":{"start":{"line":20,"column":2},"end":{"line":20,"column":40}},"8":{"start":{"line":20,"column":28},"end":{"line":20,"column":40}},"9":{"start":{"line":21,"column":2},"end":{"line":25,"column":3}},"10":{"start":{"line":22,"column":4},"end":{"line":22,"column":53}},"11":{"start":{"line":24,"column":4},"end":{"line":24,"column":16}},"12":{"start":{"line":29,"column":2},"end":{"line":35,"column":3}},"13":{"start":{"line":30,"column":4},"end":{"line":30,"column":49}},"14":{"start":{"line":31,"column":17},"end":{"line":31,"column":63}},"15":{"start":{"line":32,"column":4},"end":{"line":32,"column":58}},"16":{"start":{"line":34,"column":4},"end":{"line":34,"column":53}},"17":{"start":{"line":39,"column":13},"end":{"line":39,"column":73}},"18":{"start":{"line":40,"column":2},"end":{"line":40,"column":49}},"19":{"start":{"line":44,"column":2},"end":{"line":48,"column":3}},"20":{"start":{"line":45,"column":4},"end":{"line":47,"column":14}},"21":{"start":{"line":46,"column":6},"end":{"line":46,"column":60}},"22":{"start":{"line":50,"column":2},"end":{"line":101,"column":4}},"23":{"start":{"line":105,"column":16},"end":{"line":105,"column":25}},"24":{"start":{"line":108,"column":2},"end":{"line":113,"column":3}},"25":{"start":{"line":109,"column":4},"end":{"line":112,"column":5}},"26":{"start":{"line":110,"column":20},"end":{"line":110,"column":52}},"27":{"start":{"line":111,"column":6},"end":{"line":111,"column":46}},"28":{"start":{"line":111,"column":29},"end":{"line":111,"column":46}},"29":{"start":{"line":115,"column":2},"end":{"line":115,"column":61}},"30":{"start":{"line":115,"column":23},"end":{"line":115,"column":61}},"31":{"start":{"line":118,"column":2},"end":{"line":123,"column":3}},"32":{"start":{"line":120,"column":6},"end":{"line":120,"column":301}},"33":{"start":{"line":122,"column":4},"end":{"line":122,"column":73}},"34":{"start":{"line":122,"column":57},"end":{"line":122,"column":73}},"35":{"start":{"line":125,"column":2},"end":{"line":125,"column":40}},"36":{"start":{"line":129,"column":2},"end":{"line":142,"column":5}},"37":{"start":{"line":130,"column":17},"end":{"line":132,"column":5}},"38":{"start":{"line":133,"column":4},"end":{"line":141,"column":27}},"39":{"start":{"line":135,"column":19},"end":{"line":135,"column":21}},"40":{"start":{"line":136,"column":8},"end":{"line":138,"column":11}},"41":{"start":{"line":137,"column":10},"end":{"line":137,"column":24}},"42":{"start":{"line":139,"column":8},"end":{"line":139,"column":77}},"43":{"start":{"line":139,"column":28},"end":{"line":139,"column":75}},"44":{"start":{"line":148,"column":2},"end":{"line":148,"column":30}},"45":{"start":{"line":148,"column":20},"end":{"line":148,"column":30}},"46":{"start":{"line":149,"column":17},"end":{"line":149,"column":49}},"47":{"start":{"line":150,"column":17},"end":{"line":150,"column":76}},"48":{"start":{"line":151,"column":14},"end":{"line":154,"column":26}},"49":{"start":{"line":152,"column":4},"end":{"line":154,"column":26}},"50":{"start":{"line":155,"column":2},"end":{"line":155,"column":80}},"51":{"start":{"line":155,"column":18},"end":{"line":155,"column":80}},"52":{"start":{"line":156,"column":2},"end":{"line":156,"column":51}},"53":{"start":{"line":156,"column":11},"end":{"line":156,"column":51}},"54":{"start":{"line":157,"column":2},"end":{"line":157,"column":47}},"55":{"start":{"line":161,"column":15},"end":{"line":161,"column":33}},"56":{"start":{"line":162,"column":16},"end":{"line":162,"column":35}},"57":{"start":{"line":163,"column":18},"end":{"line":163,"column":39}},"58":{"start":{"line":164,"column":24},"end":{"line":164,"column":62}},"59":{"start":{"line":165,"column":19},"end":{"line":165,"column":55}},"60":{"start":{"line":167,"column":2},"end":{"line":185,"column":4}},"61":{"start":{"line":189,"column":2},"end":{"line":193,"column":12}},"62":{"start":{"line":197,"column":16},"end":{"line":197,"column":36}},"63":{"start":{"line":198,"column":2},"end":{"line":198,"column":24}},"64":{"start":{"line":198,"column":14},"end":{"line":198,"column":24}},"65":{"start":{"line":199,"column":25},"end":{"line":199,"column":56}},"66":{"start":{"line":200,"column":16},"end":{"line":200,"column":44}},"67":{"start":{"line":201,"column":2},"end":{"line":208,"column":4}},"68":{"start":{"line":209,"column":2},"end":{"line":209,"column":15}},"69":{"start":{"line":219,"column":16},"end":{"line":219,"column":44}},"70":{"start":{"line":220,"column":19},"end":{"line":220,"column":43}},"71":{"start":{"line":222,"column":16},"end":{"line":222,"column":53}},"72":{"start":{"line":223,"column":2},"end":{"line":223,"column":24}},"73":{"start":{"line":223,"column":14},"end":{"line":223,"column":24}},"74":{"start":{"line":226,"column":2},"end":{"line":229,"column":3}},"75":{"start":{"line":227,"column":4},"end":{"line":227,"column":62}},"76":{"start":{"line":228,"column":4},"end":{"line":228,"column":14}},"77":{"start":{"line":232,"column":17},"end":{"line":232,"column":32}},"78":{"start":{"line":233,"column":2},"end":{"line":236,"column":3}},"79":{"start":{"line":234,"column":4},"end":{"line":234,"column":60}},"80":{"start":{"line":235,"column":4},"end":{"line":235,"column":18}},"81":{"start":{"line":238,"column":2},"end":{"line":238,"column":65}},"82":{"start":{"line":240,"column":17},"end":{"line":245,"column":4}},"83":{"start":{"line":248,"column":2},"end":{"line":257,"column":3}},"84":{"start":{"line":249,"column":4},"end":{"line":249,"column":66}},"85":{"start":{"line":250,"column":4},"end":{"line":250,"column":37}},"86":{"start":{"line":252,"column":4},"end":{"line":252,"column":60}},"87":{"start":{"line":253,"column":4},"end":{"line":256,"column":6}},"88":{"start":{"line":259,"column":27},"end":{"line":259,"column":54}},"89":{"start":{"line":262,"column":2},"end":{"line":266,"column":3}},"90":{"start":{"line":263,"column":4},"end":{"line":263,"column":30}},"91":{"start":{"line":265,"column":4},"end":{"line":265,"column":57}},"92":{"start":{"line":268,"column":2},"end":{"line":272,"column":3}},"93":{"start":{"line":269,"column":4},"end":{"line":271,"column":6}},"94":{"start":{"line":274,"column":15},"end":{"line":276,"column":29}},"95":{"start":{"line":277,"column":2},"end":{"line":277,"column":24}},"96":{"start":{"line":278,"column":2},"end":{"line":278,"column":79}},"97":{"start":{"line":280,"column":2},"end":{"line":280,"column":14}},"98":{"start":{"line":284,"column":15},"end":{"line":284,"column":24}},"99":{"start":{"line":285,"column":2},"end":{"line":291,"column":5}},"100":{"start":{"line":287,"column":16},"end":{"line":287,"column":74}},"101":{"start":{"line":288,"column":4},"end":{"line":288,"column":36}},"102":{"start":{"line":288,"column":23},"end":{"line":288,"column":36}},"103":{"start":{"line":289,"column":4},"end":{"line":289,"column":18}},"104":{"start":{"line":290,"column":4},"end":{"line":290,"column":16}},"105":{"start":{"line":294,"column":25},"end":{"line":294,"column":26}},"106":{"start":{"line":302,"column":2},"end":{"line":305,"column":3}},"107":{"start":{"line":303,"column":4},"end":{"line":303,"column":43}},"108":{"start":{"line":304,"column":4},"end":{"line":304,"column":25}},"109":{"start":{"line":307,"column":16},"end":{"line":307,"column":44}},"110":{"start":{"line":308,"column":19},"end":{"line":308,"column":43}},"111":{"start":{"line":309,"column":2},"end":{"line":310,"column":68}},"112":{"start":{"line":310,"column":4},"end":{"line":310,"column":68}},"113":{"start":{"line":312,"column":20},"end":{"line":314,"column":15}},"114":{"start":{"line":316,"column":2},"end":{"line":321,"column":3}},"115":{"start":{"line":317,"column":4},"end":{"line":319,"column":6}},"116":{"start":{"line":318,"column":6},"end":{"line":318,"column":72}},"117":{"start":{"line":320,"column":4},"end":{"line":320,"column":25}},"118":{"start":{"line":324,"column":37},"end":{"line":326,"column":25}},"119":{"start":{"line":326,"column":16},"end":{"line":326,"column":24}},"120":{"start":{"line":327,"column":25},"end":{"line":327,"column":45}},"121":{"start":{"line":330,"column":20},"end":{"line":334,"column":3}},"122":{"start":{"line":332,"column":6},"end":{"line":332,"column":79}},"123":{"start":{"line":335,"column":21},"end":{"line":335,"column":54}},"124":{"start":{"line":336,"column":2},"end":{"line":338,"column":4}},"125":{"start":{"line":341,"column":17},"end":{"line":341,"column":19}},"126":{"start":{"line":342,"column":2},"end":{"line":350,"column":3}},"127":{"start":{"line":343,"column":20},"end":{"line":347,"column":5}},"128":{"start":{"line":345,"column":8},"end":{"line":345,"column":75}},"129":{"start":{"line":348,"column":4},"end":{"line":348,"column":47}},"130":{"start":{"line":349,"column":4},"end":{"line":349,"column":75}},"131":{"start":{"line":353,"column":25},"end":{"line":353,"column":45}},"132":{"start":{"line":354,"column":20},"end":{"line":362,"column":3}},"133":{"start":{"line":356,"column":6},"end":{"line":360,"column":8}},"134":{"start":{"line":363,"column":21},"end":{"line":363,"column":54}},"135":{"start":{"line":364,"column":2},"end":{"line":364,"column":73}},"136":{"start":{"line":366,"column":14},"end":{"line":366,"column":74}},"137":{"start":{"line":367,"column":2},"end":{"line":369,"column":4}},"138":{"start":{"line":370,"column":2},"end":{"line":370,"column":13}},"139":{"start":{"line":375,"column":26},"end":{"line":383,"column":1}},"140":{"start":{"line":386,"column":2},"end":{"line":386,"column":55}},"141":{"start":{"line":386,"column":43},"end":{"line":386,"column":55}},"142":{"start":{"line":387,"column":16},"end":{"line":387,"column":47}},"143":{"start":{"line":388,"column":2},"end":{"line":388,"column":64}},"144":{"start":{"line":388,"column":36},"end":{"line":388,"column":49}},"145":{"start":{"line":388,"column":52},"end":{"line":388,"column":64}},"146":{"start":{"line":389,"column":18},"end":{"line":389,"column":68}},"147":{"start":{"line":390,"column":2},"end":{"line":390,"column":44}},"148":{"start":{"line":394,"column":28},"end":{"line":394,"column":65}},"149":{"start":{"line":395,"column":2},"end":{"line":406,"column":4}},"150":{"start":{"line":410,"column":17},"end":{"line":410,"column":78}},"151":{"start":{"line":411,"column":27},"end":{"line":413,"column":3}},"152":{"start":{"line":415,"column":2},"end":{"line":415,"column":73}},"153":{"start":{"line":415,"column":22},"end":{"line":415,"column":73}},"154":{"start":{"line":418,"column":2},"end":{"line":422,"column":3}},"155":{"start":{"line":419,"column":4},"end":{"line":419,"column":30}},"156":{"start":{"line":421,"column":4},"end":{"line":421,"column":58}},"157":{"start":{"line":424,"column":14},"end":{"line":424,"column":59}},"158":{"start":{"line":425,"column":21},"end":{"line":427,"column":3}},"159":{"start":{"line":426,"column":4},"end":{"line":426,"column":64}},"160":{"start":{"line":428,"column":18},"end":{"line":431,"column":3}},"161":{"start":{"line":433,"column":2},"end":{"line":433,"column":62}},"162":{"start":{"line":433,"column":57},"end":{"line":433,"column":60}},"163":{"start":{"line":440,"column":2},"end":{"line":453,"column":3}},"164":{"start":{"line":441,"column":4},"end":{"line":446,"column":7}},"165":{"start":{"line":448,"column":4},"end":{"line":452,"column":7}},"166":{"start":{"line":455,"column":2},"end":{"line":457,"column":4}},"167":{"start":{"line":456,"column":4},"end":{"line":456,"column":63}},"168":{"start":{"line":461,"column":2},"end":{"line":461,"column":42}},"169":{"start":{"line":461,"column":33},"end":{"line":461,"column":42}},"170":{"start":{"line":462,"column":16},"end":{"line":462,"column":74}},"171":{"start":{"line":462,"column":54},"end":{"line":462,"column":73}},"172":{"start":{"line":463,"column":2},"end":{"line":465,"column":5}},"173":{"start":{"line":464,"column":4},"end":{"line":464,"column":60}},"174":{"start":{"line":464,"column":10},"end":{"line":464,"column":49}},"175":{"start":{"line":466,"column":2},"end":{"line":466,"column":22}},"176":{"start":{"line":469,"column":0},"end":{"line":479,"column":2}},"177":{"start":{"line":478,"column":37},"end":{"line":478,"column":53}}},"fnMap":{"0":{"name":"slugify","decl":{"start":{"line":8,"column":9},"end":{"line":8,"column":16}},"loc":{"start":{"line":8,"column":22},"end":{"line":16,"column":1}},"line":8},"1":{"name":"cacheGet","decl":{"start":{"line":18,"column":9},"end":{"line":18,"column":17}},"loc":{"start":{"line":18,"column":25},"end":{"line":26,"column":1}},"line":18},"2":{"name":"cacheSet","decl":{"start":{"line":28,"column":9},"end":{"line":28,"column":17}},"loc":{"start":{"line":28,"column":31},"end":{"line":36,"column":1}},"line":28},"3":{"name":"randomPostedAt","decl":{"start":{"line":38,"column":9},"end":{"line":38,"column":23}},"loc":{"start":{"line":38,"column":41},"end":{"line":41,"column":1}},"line":38},"4":{"name":"getMockData","decl":{"start":{"line":43,"column":9},"end":{"line":43,"column":20}},"loc":{"start":{"line":43,"column":23},"end":{"line":102,"column":1}},"line":43},"5":{"name":"extractRequirements","decl":{"start":{"line":104,"column":9},"end":{"line":104,"column":28}},"loc":{"start":{"line":104,"column":54},"end":{"line":126,"column":1}},"line":104},"6":{"name":"httpGet","decl":{"start":{"line":128,"column":9},"end":{"line":128,"column":16}},"loc":{"start":{"line":128,"column":36},"end":{"line":143,"column":1}},"line":128},"7":{"name":"(anonymous_7)","decl":{"start":{"line":129,"column":21},"end":{"line":129,"column":22}},"loc":{"start":{"line":129,"column":42},"end":{"line":142,"column":3}},"line":129},"8":{"name":"(anonymous_8)","decl":{"start":{"line":134,"column":22},"end":{"line":134,"column":23}},"loc":{"start":{"line":134,"column":31},"end":{"line":140,"column":7}},"line":134},"9":{"name":"(anonymous_9)","decl":{"start":{"line":136,"column":23},"end":{"line":136,"column":24}},"loc":{"start":{"line":136,"column":34},"end":{"line":138,"column":9}},"line":136},"10":{"name":"(anonymous_10)","decl":{"start":{"line":139,"column":22},"end":{"line":139,"column":23}},"loc":{"start":{"line":139,"column":28},"end":{"line":139,"column":75}},"line":139},"11":{"name":"formatPayRange","decl":{"start":{"line":147,"column":9},"end":{"line":147,"column":23}},"loc":{"start":{"line":147,"column":52},"end":{"line":158,"column":1}},"line":147},"12":{"name":"(anonymous_12)","decl":{"start":{"line":151,"column":14},"end":{"line":151,"column":15}},"loc":{"start":{"line":152,"column":4},"end":{"line":154,"column":26}},"line":152},"13":{"name":"transformJSearchJob","decl":{"start":{"line":160,"column":9},"end":{"line":160,"column":28}},"loc":{"start":{"line":160,"column":34},"end":{"line":186,"column":1}},"line":160},"14":{"name":"sanitizeTitle","decl":{"start":{"line":188,"column":9},"end":{"line":188,"column":22}},"loc":{"start":{"line":188,"column":26},"end":{"line":194,"column":1}},"line":188},"15":{"name":"buildSingleQuery","decl":{"start":{"line":196,"column":9},"end":{"line":196,"column":25}},"loc":{"start":{"line":196,"column":52},"end":{"line":210,"column":1}},"line":196},"16":{"name":"fetchOneTitle","decl":{"start":{"line":213,"column":15},"end":{"line":213,"column":28}},"loc":{"start":{"line":218,"column":3},"end":{"line":281,"column":1}},"line":218},"17":{"name":"deduplicateJobs","decl":{"start":{"line":283,"column":9},"end":{"line":283,"column":24}},"loc":{"start":{"line":283,"column":31},"end":{"line":292,"column":1}},"line":283},"18":{"name":"(anonymous_18)","decl":{"start":{"line":285,"column":21},"end":{"line":285,"column":22}},"loc":{"start":{"line":285,"column":30},"end":{"line":291,"column":3}},"line":285},"19":{"name":"fetchFromJSearch","decl":{"start":{"line":296,"column":15},"end":{"line":296,"column":31}},"loc":{"start":{"line":301,"column":3},"end":{"line":371,"column":1}},"line":301},"20":{"name":"(anonymous_20)","decl":{"start":{"line":317,"column":22},"end":{"line":317,"column":23}},"loc":{"start":{"line":318,"column":6},"end":{"line":318,"column":72}},"line":318},"21":{"name":"(anonymous_21)","decl":{"start":{"line":326,"column":9},"end":{"line":326,"column":10}},"loc":{"start":{"line":326,"column":16},"end":{"line":326,"column":24}},"line":326},"22":{"name":"(anonymous_22)","decl":{"start":{"line":331,"column":18},"end":{"line":331,"column":19}},"loc":{"start":{"line":332,"column":6},"end":{"line":332,"column":79}},"line":332},"23":{"name":"(anonymous_23)","decl":{"start":{"line":344,"column":20},"end":{"line":344,"column":21}},"loc":{"start":{"line":345,"column":8},"end":{"line":345,"column":75}},"line":345},"24":{"name":"(anonymous_24)","decl":{"start":{"line":355,"column":18},"end":{"line":355,"column":19}},"loc":{"start":{"line":356,"column":6},"end":{"line":360,"column":8}},"line":356},"25":{"name":"isCompatibleWithLocation","decl":{"start":{"line":385,"column":9},"end":{"line":385,"column":33}},"loc":{"start":{"line":385,"column":67},"end":{"line":391,"column":1}},"line":385},"26":{"name":"(anonymous_26)","decl":{"start":{"line":388,"column":29},"end":{"line":388,"column":30}},"loc":{"start":{"line":388,"column":36},"end":{"line":388,"column":49}},"line":388},"27":{"name":"transformRemotiveJob","decl":{"start":{"line":393,"column":9},"end":{"line":393,"column":29}},"loc":{"start":{"line":393,"column":35},"end":{"line":407,"column":1}},"line":393},"28":{"name":"fetchFromRemotive","decl":{"start":{"line":409,"column":15},"end":{"line":409,"column":32}},"loc":{"start":{"line":409,"column":79},"end":{"line":434,"column":1}},"line":409},"29":{"name":"(anonymous_29)","decl":{"start":{"line":425,"column":32},"end":{"line":425,"column":33}},"loc":{"start":{"line":426,"column":4},"end":{"line":426,"column":64}},"line":426},"30":{"name":"(anonymous_30)","decl":{"start":{"line":433,"column":21},"end":{"line":433,"column":22}},"loc":{"start":{"line":433,"column":57},"end":{"line":433,"column":60}},"line":433},"31":{"name":"fetchJobs","decl":{"start":{"line":438,"column":15},"end":{"line":438,"column":24}},"loc":{"start":{"line":438,"column":95},"end":{"line":458,"column":1}},"line":438},"32":{"name":"(anonymous_32)","decl":{"start":{"line":455,"column":18},"end":{"line":455,"column":19}},"loc":{"start":{"line":456,"column":4},"end":{"line":456,"column":63}},"line":456},"33":{"name":"clearCache","decl":{"start":{"line":460,"column":9},"end":{"line":460,"column":19}},"loc":{"start":{"line":460,"column":22},"end":{"line":467,"column":1}},"line":460},"34":{"name":"(anonymous_34)","decl":{"start":{"line":462,"column":49},"end":{"line":462,"column":50}},"loc":{"start":{"line":462,"column":54},"end":{"line":462,"column":73}},"line":462},"35":{"name":"(anonymous_35)","decl":{"start":{"line":463,"column":16},"end":{"line":463,"column":17}},"loc":{"start":{"line":463,"column":21},"end":{"line":465,"column":3}},"line":463},"36":{"name":"(anonymous_36)","decl":{"start":{"line":478,"column":26},"end":{"line":478,"column":27}},"loc":{"start":{"line":478,"column":35},"end":{"line":478,"column":55}},"line":478}},"branchMap":{"0":{"loc":{"start":{"line":20,"column":2},"end":{"line":20,"column":40}},"type":"if","locations":[{"start":{"line":20,"column":2},"end":{"line":20,"column":40}},{"start":{},"end":{}}],"line":20},"1":{"loc":{"start":{"line":38,"column":24},"end":{"line":38,"column":39}},"type":"default-arg","locations":[{"start":{"line":38,"column":37},"end":{"line":38,"column":39}}],"line":38},"2":{"loc":{"start":{"line":44,"column":2},"end":{"line":48,"column":3}},"type":"if","locations":[{"start":{"line":44,"column":2},"end":{"line":48,"column":3}},{"start":{},"end":{}}],"line":44},"3":{"loc":{"start":{"line":108,"column":2},"end":{"line":113,"column":3}},"type":"if","locations":[{"start":{"line":108,"column":2},"end":{"line":113,"column":3}},{"start":{},"end":{}}],"line":108},"4":{"loc":{"start":{"line":111,"column":6},"end":{"line":111,"column":46}},"type":"if","locations":[{"start":{"line":111,"column":6},"end":{"line":111,"column":46}},{"start":{},"end":{}}],"line":111},"5":{"loc":{"start":{"line":115,"column":2},"end":{"line":115,"column":61}},"type":"if","locations":[{"start":{"line":115,"column":2},"end":{"line":115,"column":61}},{"start":{},"end":{}}],"line":115},"6":{"loc":{"start":{"line":118,"column":2},"end":{"line":123,"column":3}},"type":"if","locations":[{"start":{"line":118,"column":2},"end":{"line":123,"column":3}},{"start":{},"end":{}}],"line":118},"7":{"loc":{"start":{"line":128,"column":22},"end":{"line":128,"column":34}},"type":"default-arg","locations":[{"start":{"line":128,"column":32},"end":{"line":128,"column":34}}],"line":128},"8":{"loc":{"start":{"line":148,"column":2},"end":{"line":148,"column":30}},"type":"if","locations":[{"start":{"line":148,"column":2},"end":{"line":148,"column":30}},{"start":{},"end":{}}],"line":148},"9":{"loc":{"start":{"line":148,"column":6},"end":{"line":148,"column":18}},"type":"binary-expr","locations":[{"start":{"line":148,"column":6},"end":{"line":148,"column":10}},{"start":{"line":148,"column":14},"end":{"line":148,"column":18}}],"line":148},"10":{"loc":{"start":{"line":149,"column":17},"end":{"line":149,"column":49}},"type":"cond-expr","locations":[{"start":{"line":149,"column":38},"end":{"line":149,"column":43}},{"start":{"line":149,"column":46},"end":{"line":149,"column":49}}],"line":149},"11":{"loc":{"start":{"line":150,"column":17},"end":{"line":150,"column":76}},"type":"cond-expr","locations":[{"start":{"line":150,"column":37},"end":{"line":150,"column":42}},{"start":{"line":150,"column":45},"end":{"line":150,"column":76}}],"line":150},"12":{"loc":{"start":{"line":150,"column":45},"end":{"line":150,"column":76}},"type":"cond-expr","locations":[{"start":{"line":150,"column":66},"end":{"line":150,"column":71}},{"start":{"line":150,"column":74},"end":{"line":150,"column":76}}],"line":150},"13":{"loc":{"start":{"line":152,"column":4},"end":{"line":154,"column":26}},"type":"cond-expr","locations":[{"start":{"line":153,"column":8},"end":{"line":153,"column":34}},{"start":{"line":154,"column":8},"end":{"line":154,"column":26}}],"line":152},"14":{"loc":{"start":{"line":152,"column":4},"end":{"line":152,"column":34}},"type":"binary-expr","locations":[{"start":{"line":152,"column":4},"end":{"line":152,"column":13}},{"start":{"line":152,"column":17},"end":{"line":152,"column":34}}],"line":152},"15":{"loc":{"start":{"line":155,"column":2},"end":{"line":155,"column":80}},"type":"if","locations":[{"start":{"line":155,"column":2},"end":{"line":155,"column":80}},{"start":{},"end":{}}],"line":155},"16":{"loc":{"start":{"line":155,"column":6},"end":{"line":155,"column":16}},"type":"binary-expr","locations":[{"start":{"line":155,"column":6},"end":{"line":155,"column":9}},{"start":{"line":155,"column":13},"end":{"line":155,"column":16}}],"line":155},"17":{"loc":{"start":{"line":156,"column":2},"end":{"line":156,"column":51}},"type":"if","locations":[{"start":{"line":156,"column":2},"end":{"line":156,"column":51}},{"start":{},"end":{}}],"line":156},"18":{"loc":{"start":{"line":161,"column":15},"end":{"line":161,"column":33}},"type":"binary-expr","locations":[{"start":{"line":161,"column":15},"end":{"line":161,"column":27}},{"start":{"line":161,"column":31},"end":{"line":161,"column":33}}],"line":161},"19":{"loc":{"start":{"line":162,"column":16},"end":{"line":162,"column":35}},"type":"binary-expr","locations":[{"start":{"line":162,"column":16},"end":{"line":162,"column":29}},{"start":{"line":162,"column":33},"end":{"line":162,"column":35}}],"line":162},"20":{"loc":{"start":{"line":163,"column":18},"end":{"line":163,"column":39}},"type":"binary-expr","locations":[{"start":{"line":163,"column":18},"end":{"line":163,"column":33}},{"start":{"line":163,"column":37},"end":{"line":163,"column":39}}],"line":163},"21":{"loc":{"start":{"line":165,"column":19},"end":{"line":165,"column":55}},"type":"binary-expr","locations":[{"start":{"line":165,"column":19},"end":{"line":165,"column":43}},{"start":{"line":165,"column":47},"end":{"line":165,"column":55}}],"line":165},"22":{"loc":{"start":{"line":168,"column":15},"end":{"line":168,"column":34}},"type":"binary-expr","locations":[{"start":{"line":168,"column":15},"end":{"line":168,"column":28}},{"start":{"line":168,"column":32},"end":{"line":168,"column":34}}],"line":168},"23":{"loc":{"start":{"line":169,"column":13},"end":{"line":169,"column":36}},"type":"binary-expr","locations":[{"start":{"line":169,"column":13},"end":{"line":169,"column":30}},{"start":{"line":169,"column":34},"end":{"line":169,"column":36}}],"line":169},"24":{"loc":{"start":{"line":170,"column":17},"end":{"line":170,"column":42}},"type":"binary-expr","locations":[{"start":{"line":170,"column":17},"end":{"line":170,"column":36}},{"start":{"line":170,"column":40},"end":{"line":170,"column":42}}],"line":170},"25":{"loc":{"start":{"line":177,"column":9},"end":{"line":177,"column":56}},"type":"binary-expr","locations":[{"start":{"line":177,"column":9},"end":{"line":177,"column":27}},{"start":{"line":177,"column":31},"end":{"line":177,"column":50}},{"start":{"line":177,"column":54},"end":{"line":177,"column":56}}],"line":177},"26":{"loc":{"start":{"line":178,"column":14},"end":{"line":178,"column":52}},"type":"binary-expr","locations":[{"start":{"line":178,"column":14},"end":{"line":178,"column":44}},{"start":{"line":178,"column":48},"end":{"line":178,"column":52}}],"line":178},"27":{"loc":{"start":{"line":196,"column":33},"end":{"line":196,"column":50}},"type":"default-arg","locations":[{"start":{"line":196,"column":48},"end":{"line":196,"column":50}}],"line":196},"28":{"loc":{"start":{"line":198,"column":2},"end":{"line":198,"column":24}},"type":"if","locations":[{"start":{"line":198,"column":2},"end":{"line":198,"column":24}},{"start":{},"end":{}}],"line":198},"29":{"loc":{"start":{"line":199,"column":25},"end":{"line":199,"column":56}},"type":"binary-expr","locations":[{"start":{"line":199,"column":25},"end":{"line":199,"column":44}},{"start":{"line":199,"column":48},"end":{"line":199,"column":56}}],"line":199},"30":{"loc":{"start":{"line":205,"column":4},"end":{"line":205,"column":29}},"type":"binary-expr","locations":[{"start":{"line":205,"column":4},"end":{"line":205,"column":16}},{"start":{"line":205,"column":20},"end":{"line":205,"column":29}}],"line":205},"31":{"loc":{"start":{"line":215,"column":2},"end":{"line":215,"column":16}},"type":"default-arg","locations":[{"start":{"line":215,"column":12},"end":{"line":215,"column":16}}],"line":215},"32":{"loc":{"start":{"line":216,"column":2},"end":{"line":216,"column":21}},"type":"default-arg","locations":[{"start":{"line":216,"column":19},"end":{"line":216,"column":21}}],"line":216},"33":{"loc":{"start":{"line":217,"column":2},"end":{"line":217,"column":19}},"type":"default-arg","locations":[{"start":{"line":217,"column":17},"end":{"line":217,"column":19}}],"line":217},"34":{"loc":{"start":{"line":223,"column":2},"end":{"line":223,"column":24}},"type":"if","locations":[{"start":{"line":223,"column":2},"end":{"line":223,"column":24}},{"start":{},"end":{}}],"line":223},"35":{"loc":{"start":{"line":226,"column":2},"end":{"line":229,"column":3}},"type":"if","locations":[{"start":{"line":226,"column":2},"end":{"line":229,"column":3}},{"start":{},"end":{}}],"line":226},"36":{"loc":{"start":{"line":233,"column":2},"end":{"line":236,"column":3}},"type":"if","locations":[{"start":{"line":233,"column":2},"end":{"line":236,"column":3}},{"start":{},"end":{}}],"line":233},"37":{"loc":{"start":{"line":248,"column":2},"end":{"line":257,"column":3}},"type":"if","locations":[{"start":{"line":248,"column":2},"end":{"line":257,"column":3}},{"start":{"line":251,"column":9},"end":{"line":257,"column":3}}],"line":248},"38":{"loc":{"start":{"line":268,"column":2},"end":{"line":272,"column":3}},"type":"if","locations":[{"start":{"line":268,"column":2},"end":{"line":272,"column":3}},{"start":{},"end":{}}],"line":268},"39":{"loc":{"start":{"line":270,"column":38},"end":{"line":270,"column":75}},"type":"binary-expr","locations":[{"start":{"line":270,"column":38},"end":{"line":270,"column":53}},{"start":{"line":270,"column":57},"end":{"line":270,"column":75}}],"line":270},"40":{"loc":{"start":{"line":274,"column":16},"end":{"line":274,"column":33}},"type":"binary-expr","locations":[{"start":{"line":274,"column":16},"end":{"line":274,"column":27}},{"start":{"line":274,"column":31},"end":{"line":274,"column":33}}],"line":274},"41":{"loc":{"start":{"line":287,"column":16},"end":{"line":287,"column":74}},"type":"binary-expr","locations":[{"start":{"line":287,"column":16},"end":{"line":287,"column":23}},{"start":{"line":287,"column":27},"end":{"line":287,"column":74}}],"line":287},"42":{"loc":{"start":{"line":288,"column":4},"end":{"line":288,"column":36}},"type":"if","locations":[{"start":{"line":288,"column":4},"end":{"line":288,"column":36}},{"start":{},"end":{}}],"line":288},"43":{"loc":{"start":{"line":298,"column":2},"end":{"line":298,"column":19}},"type":"default-arg","locations":[{"start":{"line":298,"column":17},"end":{"line":298,"column":19}}],"line":298},"44":{"loc":{"start":{"line":299,"column":2},"end":{"line":299,"column":16}},"type":"default-arg","locations":[{"start":{"line":299,"column":12},"end":{"line":299,"column":16}}],"line":299},"45":{"loc":{"start":{"line":300,"column":2},"end":{"line":300,"column":21}},"type":"default-arg","locations":[{"start":{"line":300,"column":19},"end":{"line":300,"column":21}}],"line":300},"46":{"loc":{"start":{"line":302,"column":2},"end":{"line":305,"column":3}},"type":"if","locations":[{"start":{"line":302,"column":2},"end":{"line":305,"column":3}},{"start":{},"end":{}}],"line":302},"47":{"loc":{"start":{"line":309,"column":2},"end":{"line":310,"column":68}},"type":"if","locations":[{"start":{"line":309,"column":2},"end":{"line":310,"column":68}},{"start":{},"end":{}}],"line":309},"48":{"loc":{"start":{"line":309,"column":6},"end":{"line":309,"column":25}},"type":"binary-expr","locations":[{"start":{"line":309,"column":6},"end":{"line":309,"column":12}},{"start":{"line":309,"column":16},"end":{"line":309,"column":25}}],"line":309},"49":{"loc":{"start":{"line":316,"column":2},"end":{"line":321,"column":3}},"type":"if","locations":[{"start":{"line":316,"column":2},"end":{"line":321,"column":3}},{"start":{},"end":{}}],"line":316},"50":{"loc":{"start":{"line":324,"column":9},"end":{"line":324,"column":18}},"type":"default-arg","locations":[{"start":{"line":324,"column":16},"end":{"line":324,"column":18}}],"line":324},"51":{"loc":{"start":{"line":324,"column":20},"end":{"line":324,"column":33}},"type":"default-arg","locations":[{"start":{"line":324,"column":31},"end":{"line":324,"column":33}}],"line":324},"52":{"loc":{"start":{"line":327,"column":25},"end":{"line":327,"column":45}},"type":"binary-expr","locations":[{"start":{"line":327,"column":25},"end":{"line":327,"column":29}},{"start":{"line":327,"column":33},"end":{"line":327,"column":45}}],"line":327},"53":{"loc":{"start":{"line":337,"column":24},"end":{"line":337,"column":50}},"type":"binary-expr","locations":[{"start":{"line":337,"column":24},"end":{"line":337,"column":38}},{"start":{"line":337,"column":42},"end":{"line":337,"column":50}}],"line":337},"54":{"loc":{"start":{"line":342,"column":2},"end":{"line":350,"column":3}},"type":"if","locations":[{"start":{"line":342,"column":2},"end":{"line":350,"column":3}},{"start":{},"end":{}}],"line":342},"55":{"loc":{"start":{"line":342,"column":6},"end":{"line":342,"column":54}},"type":"binary-expr","locations":[{"start":{"line":342,"column":6},"end":{"line":342,"column":42}},{"start":{"line":342,"column":46},"end":{"line":342,"column":54}}],"line":342},"56":{"loc":{"start":{"line":386,"column":2},"end":{"line":386,"column":55}},"type":"if","locations":[{"start":{"line":386,"column":2},"end":{"line":386,"column":55}},{"start":{},"end":{}}],"line":386},"57":{"loc":{"start":{"line":386,"column":6},"end":{"line":386,"column":41}},"type":"binary-expr","locations":[{"start":{"line":386,"column":6},"end":{"line":386,"column":19}},{"start":{"line":386,"column":23},"end":{"line":386,"column":41}}],"line":386},"58":{"loc":{"start":{"line":388,"column":2},"end":{"line":388,"column":64}},"type":"if","locations":[{"start":{"line":388,"column":2},"end":{"line":388,"column":64}},{"start":{},"end":{}}],"line":388},"59":{"loc":{"start":{"line":390,"column":9},"end":{"line":390,"column":43}},"type":"binary-expr","locations":[{"start":{"line":390,"column":9},"end":{"line":390,"column":16}},{"start":{"line":390,"column":20},"end":{"line":390,"column":43}}],"line":390},"60":{"loc":{"start":{"line":394,"column":28},"end":{"line":394,"column":65}},"type":"binary-expr","locations":[{"start":{"line":394,"column":28},"end":{"line":394,"column":59}},{"start":{"line":394,"column":63},"end":{"line":394,"column":65}}],"line":394},"61":{"loc":{"start":{"line":396,"column":15},"end":{"line":396,"column":30}},"type":"binary-expr","locations":[{"start":{"line":396,"column":15},"end":{"line":396,"column":24}},{"start":{"line":396,"column":28},"end":{"line":396,"column":30}}],"line":396},"62":{"loc":{"start":{"line":397,"column":13},"end":{"line":397,"column":35}},"type":"binary-expr","locations":[{"start":{"line":397,"column":13},"end":{"line":397,"column":29}},{"start":{"line":397,"column":33},"end":{"line":397,"column":35}}],"line":397},"63":{"loc":{"start":{"line":398,"column":17},"end":{"line":398,"column":38}},"type":"binary-expr","locations":[{"start":{"line":398,"column":17},"end":{"line":398,"column":32}},{"start":{"line":398,"column":36},"end":{"line":398,"column":38}}],"line":398},"64":{"loc":{"start":{"line":400,"column":14},"end":{"line":400,"column":46}},"type":"binary-expr","locations":[{"start":{"line":400,"column":14},"end":{"line":400,"column":31}},{"start":{"line":400,"column":35},"end":{"line":400,"column":46}}],"line":400},"65":{"loc":{"start":{"line":402,"column":9},"end":{"line":402,"column":22}},"type":"binary-expr","locations":[{"start":{"line":402,"column":9},"end":{"line":402,"column":16}},{"start":{"line":402,"column":20},"end":{"line":402,"column":22}}],"line":402},"66":{"loc":{"start":{"line":403,"column":14},"end":{"line":403,"column":42}},"type":"binary-expr","locations":[{"start":{"line":403,"column":14},"end":{"line":403,"column":34}},{"start":{"line":403,"column":38},"end":{"line":403,"column":42}}],"line":403},"67":{"loc":{"start":{"line":409,"column":56},"end":{"line":409,"column":75}},"type":"default-arg","locations":[{"start":{"line":409,"column":73},"end":{"line":409,"column":75}}],"line":409},"68":{"loc":{"start":{"line":415,"column":2},"end":{"line":415,"column":73}},"type":"if","locations":[{"start":{"line":415,"column":2},"end":{"line":415,"column":73}},{"start":{},"end":{}}],"line":415},"69":{"loc":{"start":{"line":424,"column":15},"end":{"line":424,"column":32}},"type":"binary-expr","locations":[{"start":{"line":424,"column":15},"end":{"line":424,"column":26}},{"start":{"line":424,"column":30},"end":{"line":424,"column":32}}],"line":424},"70":{"loc":{"start":{"line":428,"column":19},"end":{"line":428,"column":59}},"type":"cond-expr","locations":[{"start":{"line":428,"column":43},"end":{"line":428,"column":53}},{"start":{"line":428,"column":56},"end":{"line":428,"column":59}}],"line":428},"71":{"loc":{"start":{"line":438,"column":56},"end":{"line":438,"column":70}},"type":"default-arg","locations":[{"start":{"line":438,"column":66},"end":{"line":438,"column":70}}],"line":438},"72":{"loc":{"start":{"line":438,"column":72},"end":{"line":438,"column":91}},"type":"default-arg","locations":[{"start":{"line":438,"column":89},"end":{"line":438,"column":91}}],"line":438},"73":{"loc":{"start":{"line":440,"column":2},"end":{"line":453,"column":3}},"type":"if","locations":[{"start":{"line":440,"column":2},"end":{"line":453,"column":3}},{"start":{"line":447,"column":9},"end":{"line":453,"column":3}}],"line":440},"74":{"loc":{"start":{"line":440,"column":6},"end":{"line":440,"column":62}},"type":"binary-expr","locations":[{"start":{"line":440,"column":6},"end":{"line":440,"column":34}},{"start":{"line":440,"column":38},"end":{"line":440,"column":62}}],"line":440},"75":{"loc":{"start":{"line":442,"column":14},"end":{"line":442,"column":47}},"type":"cond-expr","locations":[{"start":{"line":442,"column":31},"end":{"line":442,"column":37}},{"start":{"line":442,"column":40},"end":{"line":442,"column":47}}],"line":442},"76":{"loc":{"start":{"line":456,"column":4},"end":{"line":456,"column":63}},"type":"cond-expr","locations":[{"start":{"line":456,"column":19},"end":{"line":456,"column":22}},{"start":{"line":456,"column":25},"end":{"line":456,"column":63}}],"line":456},"77":{"loc":{"start":{"line":461,"column":2},"end":{"line":461,"column":42}},"type":"if","locations":[{"start":{"line":461,"column":2},"end":{"line":461,"column":42}},{"start":{},"end":{}}],"line":461}},"s":{"0":2,"1":2,"2":2,"3":2,"4":2,"5":54,"6":20,"7":20,"8":8,"9":12,"10":12,"11":1,"12":16,"13":16,"14":16,"15":16,"16":0,"17":13,"18":13,"19":4,"20":0,"21":0,"22":4,"23":28,"24":28,"25":3,"26":10,"27":10,"28":9,"29":28,"30":1,"31":27,"32":24,"33":24,"34":50,"35":27,"36":13,"37":13,"38":13,"39":13,"40":13,"41":13,"42":13,"43":13,"44":18,"45":4,"46":14,"47":14,"48":14,"49":26,"50":14,"51":12,"52":2,"53":1,"54":1,"55":12,"56":12,"57":12,"58":12,"59":12,"60":12,"61":34,"62":20,"63":20,"64":1,"65":19,"66":19,"67":19,"68":19,"69":14,"70":14,"71":14,"72":14,"73":0,"74":14,"75":0,"76":0,"77":14,"78":14,"79":9,"80":9,"81":5,"82":5,"83":5,"84":5,"85":5,"86":0,"87":0,"88":5,"89":5,"90":5,"91":1,"92":4,"93":1,"94":3,"95":3,"96":3,"97":3,"98":21,"99":21,"100":48,"101":48,"102":4,"103":44,"104":44,"105":2,"106":11,"107":2,"108":2,"109":9,"110":9,"111":9,"112":1,"113":8,"114":8,"115":1,"116":1,"117":1,"118":7,"119":13,"120":7,"121":7,"122":7,"123":5,"124":5,"125":5,"126":5,"127":2,"128":2,"129":2,"130":2,"131":5,"132":5,"133":5,"134":5,"135":5,"136":5,"137":5,"138":5,"139":2,"140":13,"141":3,"142":10,"143":10,"144":44,"145":6,"146":4,"147":4,"148":10,"149":10,"150":8,"151":8,"152":8,"153":1,"154":7,"155":7,"156":1,"157":6,"158":6,"159":6,"160":6,"161":6,"162":5,"163":3,"164":1,"165":2,"166":3,"167":4,"168":26,"169":0,"170":26,"171":15,"172":26,"173":15,"174":15,"175":26,"176":2,"177":4},"f":{"0":54,"1":20,"2":16,"3":13,"4":4,"5":28,"6":13,"7":13,"8":13,"9":13,"10":13,"11":18,"12":26,"13":12,"14":34,"15":20,"16":14,"17":21,"18":48,"19":11,"20":1,"21":13,"22":7,"23":2,"24":5,"25":13,"26":44,"27":10,"28":8,"29":6,"30":5,"31":3,"32":4,"33":26,"34":15,"35":15,"36":4},"b":{"0":[8,12],"1":[13],"2":[0,4],"3":[3,25],"4":[9,1],"5":[1,27],"6":[24,3],"7":[8],"8":[4,14],"9":[18,5],"10":[11,3],"11":[1,13],"12":[1,12],"13":[24,2],"14":[26,24],"15":[12,2],"16":[14,13],"17":[1,1],"18":[12,1],"19":[12,1],"20":[12,1],"21":[12,1],"22":[12,0],"23":[12,0],"24":[12,0],"25":[12,1,0],"26":[12,0],"27":[0],"28":[1,19],"29":[19,2],"30":[19,1],"31":[14],"32":[0],"33":[0],"34":[0,14],"35":[0,14],"36":[9,5],"37":[5,0],"38":[1,3],"39":[1,0],"40":[3,0],"41":[48,2],"42":[4,44],"43":[0],"44":[10],"45":[10],"46":[2,9],"47":[1,8],"48":[9,1],"49":[1,7],"50":[0],"51":[1],"52":[7,0],"53":[5,0],"54":[2,3],"55":[5,3],"56":[3,10],"57":[13,11],"58":[6,4],"59":[4,4],"60":[10,2],"61":[10,0],"62":[10,0],"63":[10,1],"64":[10,2],"65":[10,0],"66":[10,1],"67":[6],"68":[1,7],"69":[6,0],"70":[4,2],"71":[3],"72":[2],"73":[1,2],"74":[3,2],"75":[1,0],"76":[3,1],"77":[0,26]},"_coverageSchema":"1a1c01bbd47fc00a2c39e90264f33305004495a9","hash":"c2385ff7b8f7750cdacbb021b67b9d68d1bc0942"}
,"/Users/shan/job-search-app/backend/matchScorer.js": {"path":"/Users/shan/job-search-app/backend/matchScorer.js","statementMap":{"0":{"start":{"line":1,"column":19},"end":{"line":11,"column":2}},"1":{"start":{"line":14,"column":2},"end":{"line":18,"column":53}},"2":{"start":{"line":18,"column":17},"end":{"line":18,"column":51}},"3":{"start":{"line":22,"column":2},"end":{"line":22,"column":54}},"4":{"start":{"line":26,"column":17},"end":{"line":26,"column":26}},"5":{"start":{"line":27,"column":2},"end":{"line":30,"column":3}},"6":{"start":{"line":28,"column":4},"end":{"line":28,"column":33}},"7":{"start":{"line":29,"column":4},"end":{"line":29,"column":48}},"8":{"start":{"line":29,"column":33},"end":{"line":29,"column":46}},"9":{"start":{"line":31,"column":2},"end":{"line":34,"column":3}},"10":{"start":{"line":32,"column":4},"end":{"line":32,"column":58}},"11":{"start":{"line":32,"column":43},"end":{"line":32,"column":56}},"12":{"start":{"line":33,"column":4},"end":{"line":33,"column":64}},"13":{"start":{"line":33,"column":49},"end":{"line":33,"column":62}},"14":{"start":{"line":35,"column":2},"end":{"line":37,"column":3}},"15":{"start":{"line":36,"column":4},"end":{"line":36,"column":59}},"16":{"start":{"line":36,"column":44},"end":{"line":36,"column":57}},"17":{"start":{"line":38,"column":2},"end":{"line":38,"column":16}},"18":{"start":{"line":44,"column":2},"end":{"line":44,"column":82}},"19":{"start":{"line":44,"column":34},"end":{"line":44,"column":82}},"20":{"start":{"line":45,"column":18},"end":{"line":45,"column":20}},"21":{"start":{"line":46,"column":20},"end":{"line":46,"column":22}},"22":{"start":{"line":47,"column":2},"end":{"line":55,"column":3}},"23":{"start":{"line":48,"column":22},"end":{"line":48,"column":36}},"24":{"start":{"line":49,"column":22},"end":{"line":49,"column":35}},"25":{"start":{"line":50,"column":23},"end":{"line":50,"column":48}},"26":{"start":{"line":51,"column":23},"end":{"line":51,"column":88}},"27":{"start":{"line":51,"column":68},"end":{"line":51,"column":87}},"28":{"start":{"line":52,"column":23},"end":{"line":52,"column":63}},"29":{"start":{"line":52,"column":43},"end":{"line":52,"column":62}},"30":{"start":{"line":53,"column":4},"end":{"line":54,"column":29}},"31":{"start":{"line":53,"column":45},"end":{"line":53,"column":63}},"32":{"start":{"line":54,"column":9},"end":{"line":54,"column":29}},"33":{"start":{"line":56,"column":2},"end":{"line":56,"column":82}},"34":{"start":{"line":61,"column":18},"end":{"line":61,"column":110}},"35":{"start":{"line":62,"column":18},"end":{"line":62,"column":82}},"36":{"start":{"line":65,"column":2},"end":{"line":65,"column":27}},"37":{"start":{"line":65,"column":14},"end":{"line":65,"column":27}},"38":{"start":{"line":66,"column":2},"end":{"line":66,"column":45}},"39":{"start":{"line":66,"column":29},"end":{"line":66,"column":45}},"40":{"start":{"line":67,"column":2},"end":{"line":67,"column":45}},"41":{"start":{"line":67,"column":29},"end":{"line":67,"column":45}},"42":{"start":{"line":68,"column":2},"end":{"line":68,"column":15}},"43":{"start":{"line":71,"column":14},"end":{"line":71,"column":46}},"44":{"start":{"line":74,"column":14},"end":{"line":74,"column":92}},"45":{"start":{"line":75,"column":2},"end":{"line":75,"column":49}},"46":{"start":{"line":81,"column":19},"end":{"line":84,"column":44}},"47":{"start":{"line":85,"column":2},"end":{"line":85,"column":27}},"48":{"start":{"line":85,"column":16},"end":{"line":85,"column":27}},"49":{"start":{"line":87,"column":2},"end":{"line":87,"column":51}},"50":{"start":{"line":87,"column":40},"end":{"line":87,"column":51}},"51":{"start":{"line":88,"column":16},"end":{"line":88,"column":50}},"52":{"start":{"line":89,"column":16},"end":{"line":89,"column":53}},"53":{"start":{"line":90,"column":16},"end":{"line":90,"column":53}},"54":{"start":{"line":91,"column":2},"end":{"line":91,"column":48}},"55":{"start":{"line":91,"column":37},"end":{"line":91,"column":48}},"56":{"start":{"line":92,"column":2},"end":{"line":92,"column":48}},"57":{"start":{"line":92,"column":37},"end":{"line":92,"column":48}},"58":{"start":{"line":93,"column":2},"end":{"line":93,"column":13}},"59":{"start":{"line":99,"column":14},"end":{"line":99,"column":36}},"60":{"start":{"line":100,"column":2},"end":{"line":101,"column":111}},"61":{"start":{"line":101,"column":4},"end":{"line":101,"column":111}},"62":{"start":{"line":102,"column":14},"end":{"line":102,"column":44}},"63":{"start":{"line":103,"column":22},"end":{"line":103,"column":93}},"64":{"start":{"line":104,"column":2},"end":{"line":104,"column":146}},"65":{"start":{"line":110,"column":23},"end":{"line":110,"column":78}},"66":{"start":{"line":111,"column":23},"end":{"line":111,"column":94}},"67":{"start":{"line":112,"column":23},"end":{"line":112,"column":50}},"68":{"start":{"line":115,"column":14},"end":{"line":115,"column":76}},"69":{"start":{"line":118,"column":20},"end":{"line":118,"column":54}},"70":{"start":{"line":119,"column":2},"end":{"line":119,"column":78}},"71":{"start":{"line":119,"column":38},"end":{"line":119,"column":78}},"72":{"start":{"line":121,"column":23},"end":{"line":121,"column":92}},"73":{"start":{"line":122,"column":2},"end":{"line":122,"column":91}},"74":{"start":{"line":126,"column":2},"end":{"line":126,"column":31}},"75":{"start":{"line":126,"column":21},"end":{"line":126,"column":31}},"76":{"start":{"line":127,"column":23},"end":{"line":127,"column":50}},"77":{"start":{"line":128,"column":2},"end":{"line":130,"column":51}},"78":{"start":{"line":129,"column":16},"end":{"line":129,"column":51}},"79":{"start":{"line":130,"column":20},"end":{"line":130,"column":49}},"80":{"start":{"line":133,"column":0},"end":{"line":133,"column":34}}},"fnMap":{"0":{"name":"tokenize","decl":{"start":{"line":13,"column":9},"end":{"line":13,"column":17}},"loc":{"start":{"line":13,"column":24},"end":{"line":19,"column":1}},"line":13},"1":{"name":"(anonymous_1)","decl":{"start":{"line":18,"column":12},"end":{"line":18,"column":13}},"loc":{"start":{"line":18,"column":17},"end":{"line":18,"column":51}},"line":18},"2":{"name":"normalize","decl":{"start":{"line":21,"column":9},"end":{"line":21,"column":18}},"loc":{"start":{"line":21,"column":25},"end":{"line":23,"column":1}},"line":21},"3":{"name":"buildResumeTokenSet","decl":{"start":{"line":25,"column":9},"end":{"line":25,"column":28}},"loc":{"start":{"line":25,"column":37},"end":{"line":39,"column":1}},"line":25},"4":{"name":"(anonymous_4)","decl":{"start":{"line":29,"column":28},"end":{"line":29,"column":29}},"loc":{"start":{"line":29,"column":33},"end":{"line":29,"column":46}},"line":29},"5":{"name":"(anonymous_5)","decl":{"start":{"line":32,"column":38},"end":{"line":32,"column":39}},"loc":{"start":{"line":32,"column":43},"end":{"line":32,"column":56}},"line":32},"6":{"name":"(anonymous_6)","decl":{"start":{"line":33,"column":44},"end":{"line":33,"column":45}},"loc":{"start":{"line":33,"column":49},"end":{"line":33,"column":62}},"line":33},"7":{"name":"(anonymous_7)","decl":{"start":{"line":36,"column":39},"end":{"line":36,"column":40}},"loc":{"start":{"line":36,"column":44},"end":{"line":36,"column":57}},"line":36},"8":{"name":"scoreRequirements","decl":{"start":{"line":43,"column":9},"end":{"line":43,"column":26}},"loc":{"start":{"line":43,"column":60},"end":{"line":57,"column":1}},"line":43},"9":{"name":"(anonymous_9)","decl":{"start":{"line":51,"column":63},"end":{"line":51,"column":64}},"loc":{"start":{"line":51,"column":68},"end":{"line":51,"column":87}},"line":51},"10":{"name":"(anonymous_10)","decl":{"start":{"line":52,"column":38},"end":{"line":52,"column":39}},"loc":{"start":{"line":52,"column":43},"end":{"line":52,"column":62}},"line":52},"11":{"name":"seniorityLevel","decl":{"start":{"line":64,"column":9},"end":{"line":64,"column":23}},"loc":{"start":{"line":64,"column":31},"end":{"line":69,"column":1}},"line":64},"12":{"name":"scoreSeniority","decl":{"start":{"line":73,"column":9},"end":{"line":73,"column":23}},"loc":{"start":{"line":73,"column":47},"end":{"line":76,"column":1}},"line":73},"13":{"name":"scoreProximity","decl":{"start":{"line":80,"column":9},"end":{"line":80,"column":23}},"loc":{"start":{"line":80,"column":37},"end":{"line":94,"column":1}},"line":80},"14":{"name":"buildMatchReason","decl":{"start":{"line":98,"column":9},"end":{"line":98,"column":25}},"loc":{"start":{"line":98,"column":58},"end":{"line":105,"column":1}},"line":98},"15":{"name":"scoreJob","decl":{"start":{"line":109,"column":9},"end":{"line":109,"column":17}},"loc":{"start":{"line":109,"column":45},"end":{"line":123,"column":1}},"line":109},"16":{"name":"scoreAndRank","decl":{"start":{"line":125,"column":9},"end":{"line":125,"column":21}},"loc":{"start":{"line":125,"column":36},"end":{"line":131,"column":1}},"line":125},"17":{"name":"(anonymous_17)","decl":{"start":{"line":129,"column":9},"end":{"line":129,"column":10}},"loc":{"start":{"line":129,"column":16},"end":{"line":129,"column":51}},"line":129},"18":{"name":"(anonymous_18)","decl":{"start":{"line":130,"column":10},"end":{"line":130,"column":11}},"loc":{"start":{"line":130,"column":20},"end":{"line":130,"column":49}},"line":130}},"branchMap":{"0":{"loc":{"start":{"line":18,"column":17},"end":{"line":18,"column":51}},"type":"binary-expr","locations":[{"start":{"line":18,"column":17},"end":{"line":18,"column":29}},{"start":{"line":18,"column":33},"end":{"line":18,"column":51}}],"line":18},"1":{"loc":{"start":{"line":27,"column":23},"end":{"line":27,"column":42}},"type":"binary-expr","locations":[{"start":{"line":27,"column":23},"end":{"line":27,"column":36}},{"start":{"line":27,"column":40},"end":{"line":27,"column":42}}],"line":27},"2":{"loc":{"start":{"line":31,"column":21},"end":{"line":31,"column":44}},"type":"binary-expr","locations":[{"start":{"line":31,"column":21},"end":{"line":31,"column":38}},{"start":{"line":31,"column":42},"end":{"line":31,"column":44}}],"line":31},"3":{"loc":{"start":{"line":32,"column":13},"end":{"line":32,"column":28}},"type":"binary-expr","locations":[{"start":{"line":32,"column":13},"end":{"line":32,"column":22}},{"start":{"line":32,"column":26},"end":{"line":32,"column":28}}],"line":32},"4":{"loc":{"start":{"line":33,"column":13},"end":{"line":33,"column":34}},"type":"binary-expr","locations":[{"start":{"line":33,"column":13},"end":{"line":33,"column":28}},{"start":{"line":33,"column":32},"end":{"line":33,"column":34}}],"line":33},"5":{"loc":{"start":{"line":35,"column":21},"end":{"line":35,"column":43}},"type":"binary-expr","locations":[{"start":{"line":35,"column":21},"end":{"line":35,"column":37}},{"start":{"line":35,"column":41},"end":{"line":35,"column":43}}],"line":35},"6":{"loc":{"start":{"line":36,"column":13},"end":{"line":36,"column":29}},"type":"binary-expr","locations":[{"start":{"line":36,"column":13},"end":{"line":36,"column":23}},{"start":{"line":36,"column":27},"end":{"line":36,"column":29}}],"line":36},"7":{"loc":{"start":{"line":44,"column":2},"end":{"line":44,"column":82}},"type":"if","locations":[{"start":{"line":44,"column":2},"end":{"line":44,"column":82}},{"start":{},"end":{}}],"line":44},"8":{"loc":{"start":{"line":51,"column":23},"end":{"line":51,"column":88}},"type":"binary-expr","locations":[{"start":{"line":51,"column":23},"end":{"line":51,"column":43}},{"start":{"line":51,"column":47},"end":{"line":51,"column":88}}],"line":51},"9":{"loc":{"start":{"line":53,"column":4},"end":{"line":54,"column":29}},"type":"if","locations":[{"start":{"line":53,"column":4},"end":{"line":54,"column":29}},{"start":{"line":54,"column":9},"end":{"line":54,"column":29}}],"line":53},"10":{"loc":{"start":{"line":53,"column":8},"end":{"line":53,"column":43}},"type":"binary-expr","locations":[{"start":{"line":53,"column":8},"end":{"line":53,"column":17}},{"start":{"line":53,"column":21},"end":{"line":53,"column":29}},{"start":{"line":53,"column":33},"end":{"line":53,"column":43}}],"line":53},"11":{"loc":{"start":{"line":65,"column":2},"end":{"line":65,"column":27}},"type":"if","locations":[{"start":{"line":65,"column":2},"end":{"line":65,"column":27}},{"start":{},"end":{}}],"line":65},"12":{"loc":{"start":{"line":66,"column":2},"end":{"line":66,"column":45}},"type":"if","locations":[{"start":{"line":66,"column":2},"end":{"line":66,"column":45}},{"start":{},"end":{}}],"line":66},"13":{"loc":{"start":{"line":67,"column":2},"end":{"line":67,"column":45}},"type":"if","locations":[{"start":{"line":67,"column":2},"end":{"line":67,"column":45}},{"start":{},"end":{}}],"line":67},"14":{"loc":{"start":{"line":75,"column":9},"end":{"line":75,"column":48}},"type":"cond-expr","locations":[{"start":{"line":75,"column":21},"end":{"line":75,"column":24}},{"start":{"line":75,"column":27},"end":{"line":75,"column":48}}],"line":75},"15":{"loc":{"start":{"line":75,"column":27},"end":{"line":75,"column":48}},"type":"cond-expr","locations":[{"start":{"line":75,"column":39},"end":{"line":75,"column":42}},{"start":{"line":75,"column":45},"end":{"line":75,"column":48}}],"line":75},"16":{"loc":{"start":{"line":81,"column":19},"end":{"line":84,"column":44}},"type":"binary-expr","locations":[{"start":{"line":81,"column":19},"end":{"line":81,"column":32}},{"start":{"line":82,"column":7},"end":{"line":82,"column":43}},{"start":{"line":83,"column":7},"end":{"line":83,"column":43}},{"start":{"line":84,"column":7},"end":{"line":84,"column":44}}],"line":81},"17":{"loc":{"start":{"line":82,"column":22},"end":{"line":82,"column":42}},"type":"binary-expr","locations":[{"start":{"line":82,"column":22},"end":{"line":82,"column":35}},{"start":{"line":82,"column":40},"end":{"line":82,"column":42}}],"line":82},"18":{"loc":{"start":{"line":83,"column":22},"end":{"line":83,"column":42}},"type":"binary-expr","locations":[{"start":{"line":83,"column":22},"end":{"line":83,"column":34}},{"start":{"line":83,"column":40},"end":{"line":83,"column":42}}],"line":83},"19":{"loc":{"start":{"line":84,"column":22},"end":{"line":84,"column":43}},"type":"binary-expr","locations":[{"start":{"line":84,"column":22},"end":{"line":84,"column":37}},{"start":{"line":84,"column":41},"end":{"line":84,"column":43}}],"line":84},"20":{"loc":{"start":{"line":85,"column":2},"end":{"line":85,"column":27}},"type":"if","locations":[{"start":{"line":85,"column":2},"end":{"line":85,"column":27}},{"start":{},"end":{}}],"line":85},"21":{"loc":{"start":{"line":87,"column":2},"end":{"line":87,"column":51}},"type":"if","locations":[{"start":{"line":87,"column":2},"end":{"line":87,"column":51}},{"start":{},"end":{}}],"line":87},"22":{"loc":{"start":{"line":87,"column":6},"end":{"line":87,"column":38}},"type":"binary-expr","locations":[{"start":{"line":87,"column":6},"end":{"line":87,"column":18}},{"start":{"line":87,"column":22},"end":{"line":87,"column":38}}],"line":87},"23":{"loc":{"start":{"line":88,"column":17},"end":{"line":88,"column":35}},"type":"binary-expr","locations":[{"start":{"line":88,"column":17},"end":{"line":88,"column":29}},{"start":{"line":88,"column":33},"end":{"line":88,"column":35}}],"line":88},"24":{"loc":{"start":{"line":89,"column":17},"end":{"line":89,"column":38}},"type":"binary-expr","locations":[{"start":{"line":89,"column":17},"end":{"line":89,"column":28}},{"start":{"line":89,"column":36},"end":{"line":89,"column":38}}],"line":89},"25":{"loc":{"start":{"line":90,"column":17},"end":{"line":90,"column":38}},"type":"binary-expr","locations":[{"start":{"line":90,"column":17},"end":{"line":90,"column":32}},{"start":{"line":90,"column":36},"end":{"line":90,"column":38}}],"line":90},"26":{"loc":{"start":{"line":91,"column":2},"end":{"line":91,"column":48}},"type":"if","locations":[{"start":{"line":91,"column":2},"end":{"line":91,"column":48}},{"start":{},"end":{}}],"line":91},"27":{"loc":{"start":{"line":91,"column":6},"end":{"line":91,"column":35}},"type":"binary-expr","locations":[{"start":{"line":91,"column":6},"end":{"line":91,"column":11}},{"start":{"line":91,"column":15},"end":{"line":91,"column":35}}],"line":91},"28":{"loc":{"start":{"line":92,"column":2},"end":{"line":92,"column":48}},"type":"if","locations":[{"start":{"line":92,"column":2},"end":{"line":92,"column":48}},{"start":{},"end":{}}],"line":92},"29":{"loc":{"start":{"line":92,"column":6},"end":{"line":92,"column":35}},"type":"binary-expr","locations":[{"start":{"line":92,"column":6},"end":{"line":92,"column":11}},{"start":{"line":92,"column":15},"end":{"line":92,"column":35}}],"line":92},"30":{"loc":{"start":{"line":100,"column":2},"end":{"line":101,"column":111}},"type":"if","locations":[{"start":{"line":100,"column":2},"end":{"line":101,"column":111}},{"start":{},"end":{}}],"line":100},"31":{"loc":{"start":{"line":103,"column":22},"end":{"line":103,"column":93}},"type":"cond-expr","locations":[{"start":{"line":103,"column":41},"end":{"line":103,"column":88}},{"start":{"line":103,"column":91},"end":{"line":103,"column":93}}],"line":103},"32":{"loc":{"start":{"line":111,"column":38},"end":{"line":111,"column":72}},"type":"binary-expr","locations":[{"start":{"line":111,"column":38},"end":{"line":111,"column":66}},{"start":{"line":111,"column":70},"end":{"line":111,"column":72}}],"line":111},"33":{"loc":{"start":{"line":111,"column":74},"end":{"line":111,"column":93}},"type":"binary-expr","locations":[{"start":{"line":111,"column":74},"end":{"line":111,"column":87}},{"start":{"line":111,"column":91},"end":{"line":111,"column":93}}],"line":111},"34":{"loc":{"start":{"line":119,"column":2},"end":{"line":119,"column":78}},"type":"if","locations":[{"start":{"line":119,"column":2},"end":{"line":119,"column":78}},{"start":{},"end":{}}],"line":119},"35":{"loc":{"start":{"line":126,"column":2},"end":{"line":126,"column":31}},"type":"if","locations":[{"start":{"line":126,"column":2},"end":{"line":126,"column":31}},{"start":{},"end":{}}],"line":126}},"s":{"0":1,"1":113,"2":137,"3":71,"4":21,"5":21,"6":35,"7":35,"8":35,"9":21,"10":21,"11":41,"12":21,"13":3,"14":21,"15":0,"16":0,"17":21,"18":27,"19":5,"20":22,"21":22,"22":22,"23":36,"24":36,"25":36,"26":36,"27":36,"28":36,"29":37,"30":36,"31":25,"32":11,"33":22,"34":1,"35":1,"36":54,"37":0,"38":54,"39":5,"40":49,"41":2,"42":47,"43":1,"44":27,"45":27,"46":27,"47":27,"48":3,"49":24,"50":1,"51":23,"52":23,"53":23,"54":23,"55":21,"56":2,"57":1,"58":1,"59":27,"60":27,"61":8,"62":19,"63":19,"64":19,"65":27,"66":27,"67":27,"68":27,"69":27,"70":27,"71":6,"72":27,"73":27,"74":24,"75":3,"76":21,"77":21,"78":27,"79":6,"80":1},"f":{"0":113,"1":137,"2":71,"3":21,"4":35,"5":41,"6":3,"7":0,"8":27,"9":36,"10":37,"11":54,"12":27,"13":27,"14":27,"15":27,"16":24,"17":27,"18":6},"b":{"0":[137,117],"1":[21,0],"2":[21,0],"3":[21,0],"4":[21,20],"5":[21,0],"6":[0,0],"7":[5,22],"8":[36,36],"9":[25,11],"10":[36,11,11],"11":[0,54],"12":[5,49],"13":[2,47],"14":[24,3],"15":[1,2],"16":[27,24,24,24],"17":[24,0],"18":[24,0],"19":[24,24],"20":[3,24],"21":[1,23],"22":[24,1],"23":[23,0],"24":[23,0],"25":[23,0],"26":[21,2],"27":[23,23],"28":[1,1],"29":[2,2],"30":[8,19],"31":[3,16],"32":[27,0],"33":[27,0],"34":[6,21],"35":[3,21]},"_coverageSchema":"1a1c01bbd47fc00a2c39e90264f33305004495a9","hash":"006da266207a92ed5d6f77694ce0b480a17caa99"}
,"/Users/shan/job-search-app/backend/resumeParser.js": {"path":"/Users/shan/job-search-app/backend/resumeParser.js","statementMap":{"0":{"start":{"line":3,"column":20},"end":{"line":27,"column":1}},"1":{"start":{"line":29,"column":21},"end":{"line":29,"column":109}},"2":{"start":{"line":30,"column":24},"end":{"line":30,"column":196}},"3":{"start":{"line":31,"column":29},"end":{"line":31,"column":52}},"4":{"start":{"line":35,"column":2},"end":{"line":35,"column":66}},"5":{"start":{"line":39,"column":2},"end":{"line":39,"column":61}},"6":{"start":{"line":39,"column":35},"end":{"line":39,"column":43}},"7":{"start":{"line":44,"column":16},"end":{"line":44,"column":34}},"8":{"start":{"line":45,"column":16},"end":{"line":45,"column":18}},"9":{"start":{"line":46,"column":2},"end":{"line":54,"column":3}},"10":{"start":{"line":47,"column":4},"end":{"line":53,"column":5}},"11":{"start":{"line":48,"column":6},"end":{"line":52,"column":8}},"12":{"start":{"line":50,"column":18},"end":{"line":50,"column":56}},"13":{"start":{"line":55,"column":2},"end":{"line":55,"column":15}},"14":{"start":{"line":59,"column":18},"end":{"line":59,"column":93}},"15":{"start":{"line":60,"column":19},"end":{"line":60,"column":284}},"16":{"start":{"line":61,"column":19},"end":{"line":61,"column":217}},"17":{"start":{"line":65,"column":2},"end":{"line":90,"column":3}},"18":{"start":{"line":66,"column":4},"end":{"line":66,"column":54}},"19":{"start":{"line":66,"column":45},"end":{"line":66,"column":54}},"20":{"start":{"line":68,"column":4},"end":{"line":68,"column":72}},"21":{"start":{"line":68,"column":63},"end":{"line":68,"column":72}},"22":{"start":{"line":69,"column":4},"end":{"line":69,"column":45}},"23":{"start":{"line":69,"column":36},"end":{"line":69,"column":45}},"24":{"start":{"line":71,"column":18},"end":{"line":71,"column":36}},"25":{"start":{"line":74,"column":23},"end":{"line":74,"column":94}},"26":{"start":{"line":75,"column":4},"end":{"line":86,"column":5}},"27":{"start":{"line":76,"column":20},"end":{"line":76,"column":63}},"28":{"start":{"line":76,"column":54},"end":{"line":76,"column":62}},"29":{"start":{"line":77,"column":21},"end":{"line":77,"column":63}},"30":{"start":{"line":78,"column":6},"end":{"line":85,"column":7}},"31":{"start":{"line":84,"column":8},"end":{"line":84,"column":36}},"32":{"start":{"line":89,"column":4},"end":{"line":89,"column":56}},"33":{"start":{"line":89,"column":37},"end":{"line":89,"column":56}},"34":{"start":{"line":92,"column":2},"end":{"line":92,"column":12}},"35":{"start":{"line":96,"column":2},"end":{"line":96,"column":54}},"36":{"start":{"line":96,"column":20},"end":{"line":96,"column":54}},"37":{"start":{"line":97,"column":16},"end":{"line":97,"column":57}},"38":{"start":{"line":97,"column":48},"end":{"line":97,"column":56}},"39":{"start":{"line":98,"column":2},"end":{"line":98,"column":60}},"40":{"start":{"line":104,"column":14},"end":{"line":104,"column":197}},"41":{"start":{"line":105,"column":2},"end":{"line":105,"column":49}},"42":{"start":{"line":107,"column":16},"end":{"line":107,"column":49}},"43":{"start":{"line":108,"column":2},"end":{"line":108,"column":26}},"44":{"start":{"line":110,"column":2},"end":{"line":110,"column":52}},"45":{"start":{"line":113,"column":26},"end":{"line":113,"column":351}},"46":{"start":{"line":115,"column":26},"end":{"line":115,"column":72}},"47":{"start":{"line":116,"column":26},"end":{"line":116,"column":97}},"48":{"start":{"line":117,"column":26},"end":{"line":117,"column":45}},"49":{"start":{"line":119,"column":26},"end":{"line":119,"column":231}},"50":{"start":{"line":123,"column":2},"end":{"line":123,"column":36}},"51":{"start":{"line":123,"column":23},"end":{"line":123,"column":36}},"52":{"start":{"line":124,"column":2},"end":{"line":124,"column":43}},"53":{"start":{"line":124,"column":30},"end":{"line":124,"column":43}},"54":{"start":{"line":125,"column":2},"end":{"line":125,"column":49}},"55":{"start":{"line":125,"column":36},"end":{"line":125,"column":49}},"56":{"start":{"line":126,"column":2},"end":{"line":126,"column":45}},"57":{"start":{"line":126,"column":32},"end":{"line":126,"column":45}},"58":{"start":{"line":127,"column":2},"end":{"line":127,"column":48}},"59":{"start":{"line":127,"column":35},"end":{"line":127,"column":48}},"60":{"start":{"line":128,"column":2},"end":{"line":128,"column":41}},"61":{"start":{"line":128,"column":28},"end":{"line":128,"column":41}},"62":{"start":{"line":130,"column":18},"end":{"line":130,"column":41}},"63":{"start":{"line":131,"column":18},"end":{"line":131,"column":46}},"64":{"start":{"line":132,"column":20},"end":{"line":132,"column":44}},"65":{"start":{"line":135,"column":2},"end":{"line":135,"column":52}},"66":{"start":{"line":135,"column":15},"end":{"line":135,"column":52}},"67":{"start":{"line":138,"column":2},"end":{"line":138,"column":56}},"68":{"start":{"line":142,"column":18},"end":{"line":142,"column":20}},"69":{"start":{"line":143,"column":16},"end":{"line":143,"column":20}},"70":{"start":{"line":145,"column":2},"end":{"line":152,"column":3}},"71":{"start":{"line":146,"column":4},"end":{"line":151,"column":5}},"72":{"start":{"line":147,"column":6},"end":{"line":147,"column":41}},"73":{"start":{"line":147,"column":19},"end":{"line":147,"column":41}},"74":{"start":{"line":148,"column":6},"end":{"line":148,"column":82}},"75":{"start":{"line":149,"column":11},"end":{"line":151,"column":5}},"76":{"start":{"line":150,"column":6},"end":{"line":150,"column":69}},"77":{"start":{"line":153,"column":2},"end":{"line":153,"column":37}},"78":{"start":{"line":153,"column":15},"end":{"line":153,"column":37}},"79":{"start":{"line":155,"column":2},"end":{"line":155,"column":87}},"80":{"start":{"line":155,"column":62},"end":{"line":155,"column":84}},"81":{"start":{"line":159,"column":18},"end":{"line":159,"column":20}},"82":{"start":{"line":160,"column":16},"end":{"line":160,"column":20}},"83":{"start":{"line":162,"column":2},"end":{"line":178,"column":3}},"84":{"start":{"line":163,"column":21},"end":{"line":163,"column":140}},"85":{"start":{"line":164,"column":26},"end":{"line":164,"column":89}},"86":{"start":{"line":166,"column":4},"end":{"line":177,"column":5}},"87":{"start":{"line":167,"column":6},"end":{"line":167,"column":41}},"88":{"start":{"line":167,"column":19},"end":{"line":167,"column":41}},"89":{"start":{"line":168,"column":24},"end":{"line":168,"column":54}},"90":{"start":{"line":169,"column":26},"end":{"line":169,"column":138}},"91":{"start":{"line":170,"column":6},"end":{"line":174,"column":8}},"92":{"start":{"line":175,"column":11},"end":{"line":177,"column":5}},"93":{"start":{"line":176,"column":6},"end":{"line":176,"column":28}},"94":{"start":{"line":179,"column":2},"end":{"line":179,"column":37}},"95":{"start":{"line":179,"column":15},"end":{"line":179,"column":37}},"96":{"start":{"line":180,"column":2},"end":{"line":180,"column":17}},"97":{"start":{"line":184,"column":15},"end":{"line":184,"column":33}},"98":{"start":{"line":185,"column":16},"end":{"line":185,"column":32}},"99":{"start":{"line":188,"column":22},"end":{"line":188,"column":46}},"100":{"start":{"line":191,"column":19},"end":{"line":191,"column":21}},"101":{"start":{"line":192,"column":16},"end":{"line":192,"column":24}},"102":{"start":{"line":193,"column":15},"end":{"line":193,"column":17}},"103":{"start":{"line":195,"column":2},"end":{"line":203,"column":3}},"104":{"start":{"line":196,"column":4},"end":{"line":202,"column":5}},"105":{"start":{"line":197,"column":6},"end":{"line":197,"column":33}},"106":{"start":{"line":198,"column":6},"end":{"line":198,"column":51}},"107":{"start":{"line":199,"column":6},"end":{"line":199,"column":18}},"108":{"start":{"line":201,"column":6},"end":{"line":201,"column":24}},"109":{"start":{"line":204,"column":2},"end":{"line":204,"column":29}},"110":{"start":{"line":206,"column":21},"end":{"line":206,"column":97}},"111":{"start":{"line":207,"column":21},"end":{"line":207,"column":102}},"112":{"start":{"line":209,"column":21},"end":{"line":209,"column":78}},"113":{"start":{"line":210,"column":20},"end":{"line":210,"column":48}},"114":{"start":{"line":213,"column":15},"end":{"line":213,"column":24}},"115":{"start":{"line":214,"column":25},"end":{"line":217,"column":90}},"116":{"start":{"line":215,"column":14},"end":{"line":215,"column":21}},"117":{"start":{"line":216,"column":17},"end":{"line":216,"column":34}},"118":{"start":{"line":217,"column":29},"end":{"line":217,"column":44}},"119":{"start":{"line":217,"column":46},"end":{"line":217,"column":87}},"120":{"start":{"line":219,"column":32},"end":{"line":219,"column":55}},"121":{"start":{"line":221,"column":19},"end":{"line":221,"column":65}},"122":{"start":{"line":221,"column":48},"end":{"line":221,"column":63}},"123":{"start":{"line":222,"column":17},"end":{"line":222,"column":28}},"124":{"start":{"line":224,"column":19},"end":{"line":224,"column":41}},"125":{"start":{"line":225,"column":29},"end":{"line":225,"column":52}},"126":{"start":{"line":227,"column":2},"end":{"line":236,"column":4}},"127":{"start":{"line":239,"column":0},"end":{"line":246,"column":2}}},"fnMap":{"0":{"name":"cleanText","decl":{"start":{"line":34,"column":9},"end":{"line":34,"column":18}},"loc":{"start":{"line":34,"column":25},"end":{"line":36,"column":1}},"line":34},"1":{"name":"splitLines","decl":{"start":{"line":38,"column":9},"end":{"line":38,"column":19}},"loc":{"start":{"line":38,"column":26},"end":{"line":40,"column":1}},"line":38},"2":{"name":"(anonymous_2)","decl":{"start":{"line":39,"column":30},"end":{"line":39,"column":31}},"loc":{"start":{"line":39,"column":35},"end":{"line":39,"column":43}},"line":39},"3":{"name":"extractVocabSkills","decl":{"start":{"line":43,"column":9},"end":{"line":43,"column":27}},"loc":{"start":{"line":43,"column":34},"end":{"line":56,"column":1}},"line":43},"4":{"name":"(anonymous_4)","decl":{"start":{"line":50,"column":13},"end":{"line":50,"column":14}},"loc":{"start":{"line":50,"column":18},"end":{"line":50,"column":56}},"line":50},"5":{"name":"extractLocation","decl":{"start":{"line":63,"column":9},"end":{"line":63,"column":24}},"loc":{"start":{"line":63,"column":32},"end":{"line":93,"column":1}},"line":63},"6":{"name":"(anonymous_6)","decl":{"start":{"line":76,"column":49},"end":{"line":76,"column":50}},"loc":{"start":{"line":76,"column":54},"end":{"line":76,"column":62}},"line":76},"7":{"name":"splitLocation","decl":{"start":{"line":95,"column":9},"end":{"line":95,"column":22}},"loc":{"start":{"line":95,"column":36},"end":{"line":99,"column":1}},"line":95},"8":{"name":"(anonymous_8)","decl":{"start":{"line":97,"column":43},"end":{"line":97,"column":44}},"loc":{"start":{"line":97,"column":48},"end":{"line":97,"column":56}},"line":97},"9":{"name":"parseJobTitle","decl":{"start":{"line":102,"column":9},"end":{"line":102,"column":22}},"loc":{"start":{"line":102,"column":29},"end":{"line":111,"column":1}},"line":102},"10":{"name":"looksLikeJobTitle","decl":{"start":{"line":121,"column":9},"end":{"line":121,"column":26}},"loc":{"start":{"line":121,"column":33},"end":{"line":139,"column":1}},"line":121},"11":{"name":"extractExperience","decl":{"start":{"line":141,"column":9},"end":{"line":141,"column":26}},"loc":{"start":{"line":141,"column":34},"end":{"line":156,"column":1}},"line":141},"12":{"name":"(anonymous_12)","decl":{"start":{"line":155,"column":21},"end":{"line":155,"column":22}},"loc":{"start":{"line":155,"column":62},"end":{"line":155,"column":84}},"line":155},"13":{"name":"extractEducation","decl":{"start":{"line":158,"column":9},"end":{"line":158,"column":25}},"loc":{"start":{"line":158,"column":33},"end":{"line":181,"column":1}},"line":158},"14":{"name":"parseResume","decl":{"start":{"line":183,"column":9},"end":{"line":183,"column":20}},"loc":{"start":{"line":183,"column":30},"end":{"line":237,"column":1}},"line":183},"15":{"name":"(anonymous_15)","decl":{"start":{"line":215,"column":9},"end":{"line":215,"column":10}},"loc":{"start":{"line":215,"column":14},"end":{"line":215,"column":21}},"line":215},"16":{"name":"(anonymous_16)","decl":{"start":{"line":216,"column":12},"end":{"line":216,"column":13}},"loc":{"start":{"line":216,"column":17},"end":{"line":216,"column":34}},"line":216},"17":{"name":"(anonymous_17)","decl":{"start":{"line":217,"column":12},"end":{"line":217,"column":13}},"loc":{"start":{"line":217,"column":17},"end":{"line":217,"column":89}},"line":217},"18":{"name":"(anonymous_18)","decl":{"start":{"line":221,"column":43},"end":{"line":221,"column":44}},"loc":{"start":{"line":221,"column":48},"end":{"line":221,"column":63}},"line":221}},"branchMap":{"0":{"loc":{"start":{"line":47,"column":4},"end":{"line":53,"column":5}},"type":"if","locations":[{"start":{"line":47,"column":4},"end":{"line":53,"column":5}},{"start":{},"end":{}}],"line":47},"1":{"loc":{"start":{"line":66,"column":4},"end":{"line":66,"column":54}},"type":"if","locations":[{"start":{"line":66,"column":4},"end":{"line":66,"column":54}},{"start":{},"end":{}}],"line":66},"2":{"loc":{"start":{"line":66,"column":8},"end":{"line":66,"column":43}},"type":"binary-expr","locations":[{"start":{"line":66,"column":8},"end":{"line":66,"column":24}},{"start":{"line":66,"column":28},"end":{"line":66,"column":43}}],"line":66},"3":{"loc":{"start":{"line":68,"column":4},"end":{"line":68,"column":72}},"type":"if","locations":[{"start":{"line":68,"column":4},"end":{"line":68,"column":72}},{"start":{},"end":{}}],"line":68},"4":{"loc":{"start":{"line":69,"column":4},"end":{"line":69,"column":45}},"type":"if","locations":[{"start":{"line":69,"column":4},"end":{"line":69,"column":45}},{"start":{},"end":{}}],"line":69},"5":{"loc":{"start":{"line":75,"column":4},"end":{"line":86,"column":5}},"type":"if","locations":[{"start":{"line":75,"column":4},"end":{"line":86,"column":5}},{"start":{},"end":{}}],"line":75},"6":{"loc":{"start":{"line":78,"column":6},"end":{"line":85,"column":7}},"type":"if","locations":[{"start":{"line":78,"column":6},"end":{"line":85,"column":7}},{"start":{},"end":{}}],"line":78},"7":{"loc":{"start":{"line":79,"column":8},"end":{"line":82,"column":46}},"type":"binary-expr","locations":[{"start":{"line":79,"column":8},"end":{"line":79,"column":29}},{"start":{"line":80,"column":8},"end":{"line":80,"column":29}},{"start":{"line":81,"column":8},"end":{"line":81,"column":29}},{"start":{"line":82,"column":8},"end":{"line":82,"column":46}}],"line":79},"8":{"loc":{"start":{"line":89,"column":4},"end":{"line":89,"column":56}},"type":"if","locations":[{"start":{"line":89,"column":4},"end":{"line":89,"column":56}},{"start":{},"end":{}}],"line":89},"9":{"loc":{"start":{"line":96,"column":2},"end":{"line":96,"column":54}},"type":"if","locations":[{"start":{"line":96,"column":2},"end":{"line":96,"column":54}},{"start":{},"end":{}}],"line":96},"10":{"loc":{"start":{"line":98,"column":17},"end":{"line":98,"column":31}},"type":"binary-expr","locations":[{"start":{"line":98,"column":17},"end":{"line":98,"column":25}},{"start":{"line":98,"column":29},"end":{"line":98,"column":31}}],"line":98},"11":{"loc":{"start":{"line":98,"column":43},"end":{"line":98,"column":57}},"type":"binary-expr","locations":[{"start":{"line":98,"column":43},"end":{"line":98,"column":51}},{"start":{"line":98,"column":55},"end":{"line":98,"column":57}}],"line":98},"12":{"loc":{"start":{"line":123,"column":2},"end":{"line":123,"column":36}},"type":"if","locations":[{"start":{"line":123,"column":2},"end":{"line":123,"column":36}},{"start":{},"end":{}}],"line":123},"13":{"loc":{"start":{"line":124,"column":2},"end":{"line":124,"column":43}},"type":"if","locations":[{"start":{"line":124,"column":2},"end":{"line":124,"column":43}},{"start":{},"end":{}}],"line":124},"14":{"loc":{"start":{"line":125,"column":2},"end":{"line":125,"column":49}},"type":"if","locations":[{"start":{"line":125,"column":2},"end":{"line":125,"column":49}},{"start":{},"end":{}}],"line":125},"15":{"loc":{"start":{"line":126,"column":2},"end":{"line":126,"column":45}},"type":"if","locations":[{"start":{"line":126,"column":2},"end":{"line":126,"column":45}},{"start":{},"end":{}}],"line":126},"16":{"loc":{"start":{"line":127,"column":2},"end":{"line":127,"column":48}},"type":"if","locations":[{"start":{"line":127,"column":2},"end":{"line":127,"column":48}},{"start":{},"end":{}}],"line":127},"17":{"loc":{"start":{"line":128,"column":2},"end":{"line":128,"column":41}},"type":"if","locations":[{"start":{"line":128,"column":2},"end":{"line":128,"column":41}},{"start":{},"end":{}}],"line":128},"18":{"loc":{"start":{"line":135,"column":2},"end":{"line":135,"column":52}},"type":"if","locations":[{"start":{"line":135,"column":2},"end":{"line":135,"column":52}},{"start":{},"end":{}}],"line":135},"19":{"loc":{"start":{"line":135,"column":22},"end":{"line":135,"column":51}},"type":"binary-expr","locations":[{"start":{"line":135,"column":22},"end":{"line":135,"column":29}},{"start":{"line":135,"column":33},"end":{"line":135,"column":51}}],"line":135},"20":{"loc":{"start":{"line":138,"column":9},"end":{"line":138,"column":55}},"type":"binary-expr","locations":[{"start":{"line":138,"column":9},"end":{"line":138,"column":16}},{"start":{"line":138,"column":20},"end":{"line":138,"column":34}},{"start":{"line":138,"column":38},"end":{"line":138,"column":55}}],"line":138},"21":{"loc":{"start":{"line":146,"column":4},"end":{"line":151,"column":5}},"type":"if","locations":[{"start":{"line":146,"column":4},"end":{"line":151,"column":5}},{"start":{"line":149,"column":11},"end":{"line":151,"column":5}}],"line":146},"22":{"loc":{"start":{"line":146,"column":8},"end":{"line":146,"column":62}},"type":"binary-expr","locations":[{"start":{"line":146,"column":8},"end":{"line":146,"column":31}},{"start":{"line":146,"column":35},"end":{"line":146,"column":62}}],"line":146},"23":{"loc":{"start":{"line":147,"column":6},"end":{"line":147,"column":41}},"type":"if","locations":[{"start":{"line":147,"column":6},"end":{"line":147,"column":41}},{"start":{},"end":{}}],"line":147},"24":{"loc":{"start":{"line":149,"column":11},"end":{"line":151,"column":5}},"type":"if","locations":[{"start":{"line":149,"column":11},"end":{"line":151,"column":5}},{"start":{},"end":{}}],"line":149},"25":{"loc":{"start":{"line":150,"column":30},"end":{"line":150,"column":60}},"type":"cond-expr","locations":[{"start":{"line":150,"column":52},"end":{"line":150,"column":55}},{"start":{"line":150,"column":58},"end":{"line":150,"column":60}}],"line":150},"26":{"loc":{"start":{"line":153,"column":2},"end":{"line":153,"column":37}},"type":"if","locations":[{"start":{"line":153,"column":2},"end":{"line":153,"column":37}},{"start":{},"end":{}}],"line":153},"27":{"loc":{"start":{"line":166,"column":4},"end":{"line":177,"column":5}},"type":"if","locations":[{"start":{"line":166,"column":4},"end":{"line":177,"column":5}},{"start":{"line":175,"column":11},"end":{"line":177,"column":5}}],"line":166},"28":{"loc":{"start":{"line":166,"column":8},"end":{"line":166,"column":33}},"type":"binary-expr","locations":[{"start":{"line":166,"column":8},"end":{"line":166,"column":16}},{"start":{"line":166,"column":20},"end":{"line":166,"column":33}}],"line":166},"29":{"loc":{"start":{"line":167,"column":6},"end":{"line":167,"column":41}},"type":"if","locations":[{"start":{"line":167,"column":6},"end":{"line":167,"column":41}},{"start":{},"end":{}}],"line":167},"30":{"loc":{"start":{"line":172,"column":16},"end":{"line":172,"column":46}},"type":"binary-expr","locations":[{"start":{"line":172,"column":16},"end":{"line":172,"column":40}},{"start":{"line":172,"column":44},"end":{"line":172,"column":46}}],"line":172},"31":{"loc":{"start":{"line":173,"column":14},"end":{"line":173,"column":34}},"type":"binary-expr","locations":[{"start":{"line":173,"column":14},"end":{"line":173,"column":28}},{"start":{"line":173,"column":32},"end":{"line":173,"column":34}}],"line":173},"32":{"loc":{"start":{"line":175,"column":11},"end":{"line":177,"column":5}},"type":"if","locations":[{"start":{"line":175,"column":11},"end":{"line":177,"column":5}},{"start":{},"end":{}}],"line":175},"33":{"loc":{"start":{"line":175,"column":15},"end":{"line":175,"column":41}},"type":"binary-expr","locations":[{"start":{"line":175,"column":15},"end":{"line":175,"column":22}},{"start":{"line":175,"column":26},"end":{"line":175,"column":41}}],"line":175},"34":{"loc":{"start":{"line":179,"column":2},"end":{"line":179,"column":37}},"type":"if","locations":[{"start":{"line":179,"column":2},"end":{"line":179,"column":37}},{"start":{},"end":{}}],"line":179},"35":{"loc":{"start":{"line":196,"column":4},"end":{"line":202,"column":5}},"type":"if","locations":[{"start":{"line":196,"column":4},"end":{"line":202,"column":5}},{"start":{"line":200,"column":11},"end":{"line":202,"column":5}}],"line":196},"36":{"loc":{"start":{"line":206,"column":21},"end":{"line":206,"column":97}},"type":"binary-expr","locations":[{"start":{"line":206,"column":21},"end":{"line":206,"column":43}},{"start":{"line":206,
[...]
21},"end":{"line":81,"column":44}},{"start":{"line":81,"column":48},"end":{"line":81,"column":50}}],"line":81},"5":{"loc":{"start":{"line":82,"column":2},"end":{"line":96,"column":3}},"type":"if","locations":[{"start":{"line":82,"column":2},"end":{"line":96,"column":3}},{"start":{},"end":{}}],"line":82},"6":{"loc":{"start":{"line":87,"column":22},"end":{"line":89,"column":55}},"type":"cond-expr","locations":[{"start":{"line":88,"column":10},"end":{"line":88,"column":33}},{"start":{"line":89,"column":10},"end":{"line":89,"column":55}}],"line":87},"7":{"loc":{"start":{"line":87,"column":22},"end":{"line":87,"column":74}},"type":"binary-expr","locations":[{"start":{"line":87,"column":22},"end":{"line":87,"column":48}},{"start":{"line":87,"column":52},"end":{"line":87,"column":74}}],"line":87},"8":{"loc":{"start":{"line":90,"column":6},"end":{"line":94,"column":7}},"type":"if","locations":[{"start":{"line":90,"column":6},"end":{"line":94,"column":7}},{"start":{"line":92,"column":13},"end":{"line":94,"column":7}}],"line":90},"9":{"loc":{"start":{"line":98,"column":19},"end":{"line":98,"column":46}},"type":"binary-expr","locations":[{"start":{"line":98,"column":19},"end":{"line":98,"column":40}},{"start":{"line":98,"column":44},"end":{"line":98,"column":46}}],"line":98},"10":{"loc":{"start":{"line":99,"column":2},"end":{"line":104,"column":3}},"type":"if","locations":[{"start":{"line":99,"column":2},"end":{"line":104,"column":3}},{"start":{},"end":{}}],"line":99},"11":{"loc":{"start":{"line":106,"column":17},"end":{"line":106,"column":42}},"type":"binary-expr","locations":[{"start":{"line":106,"column":17},"end":{"line":106,"column":36}},{"start":{"line":106,"column":40},"end":{"line":106,"column":42}}],"line":106},"12":{"loc":{"start":{"line":107,"column":2},"end":{"line":110,"column":3}},"type":"if","locations":[{"start":{"line":107,"column":2},"end":{"line":110,"column":3}},{"start":{},"end":{}}],"line":107},"13":{"loc":{"start":{"line":112,"column":20},"end":{"line":112,"column":48}},"type":"binary-expr","locations":[{"start":{"line":112,"column":20},"end":{"line":112,"column":42}},{"start":{"line":112,"column":46},"end":{"line":112,"column":48}}],"line":112},"14":{"loc":{"start":{"line":113,"column":2},"end":{"line":118,"column":3}},"type":"if","locations":[{"start":{"line":113,"column":2},"end":{"line":118,"column":3}},{"start":{},"end":{}}],"line":113},"15":{"loc":{"start":{"line":116,"column":20},"end":{"line":116,"column":36}},"type":"binary-expr","locations":[{"start":{"line":116,"column":20},"end":{"line":116,"column":30}},{"start":{"line":116,"column":34},"end":{"line":116,"column":36}}],"line":116},"16":{"loc":{"start":{"line":116,"column":42},"end":{"line":116,"column":63}},"type":"binary-expr","locations":[{"start":{"line":116,"column":42},"end":{"line":116,"column":57}},{"start":{"line":116,"column":61},"end":{"line":116,"column":63}}],"line":116},"17":{"loc":{"start":{"line":116,"column":68},"end":{"line":116,"column":82}},"type":"binary-expr","locations":[{"start":{"line":116,"column":68},"end":{"line":116,"column":76}},{"start":{"line":116,"column":80},"end":{"line":116,"column":82}}],"line":116},"18":{"loc":{"start":{"line":142,"column":2},"end":{"line":142,"column":61}},"type":"if","locations":[{"start":{"line":142,"column":2},"end":{"line":142,"column":61}},{"start":{},"end":{}}],"line":142},"19":{"loc":{"start":{"line":143,"column":21},"end":{"line":143,"column":50}},"type":"binary-expr","locations":[{"start":{"line":143,"column":21},"end":{"line":143,"column":44}},{"start":{"line":143,"column":48},"end":{"line":143,"column":50}}],"line":143},"20":{"loc":{"start":{"line":144,"column":4},"end":{"line":144,"column":53}},"type":"if","locations":[{"start":{"line":144,"column":4},"end":{"line":144,"column":53}},{"start":{},"end":{}}],"line":144},"21":{"loc":{"start":{"line":145,"column":4},"end":{"line":145,"column":70}},"type":"if","locations":[{"start":{"line":145,"column":4},"end":{"line":145,"column":70}},{"start":{},"end":{}}],"line":145},"22":{"loc":{"start":{"line":147,"column":22},"end":{"line":147,"column":49}},"type":"binary-expr","locations":[{"start":{"line":147,"column":22},"end":{"line":147,"column":43}},{"start":{"line":147,"column":47},"end":{"line":147,"column":49}}],"line":147},"23":{"loc":{"start":{"line":148,"column":4},"end":{"line":148,"column":55}},"type":"if","locations":[{"start":{"line":148,"column":4},"end":{"line":148,"column":55}},{"start":{},"end":{}}],"line":148},"24":{"loc":{"start":{"line":156,"column":4},"end":{"line":163,"column":5}},"type":"if","locations":[{"start":{"line":156,"column":4},"end":{"line":163,"column":5}},{"start":{},"end":{}}],"line":156},"25":{"loc":{"start":{"line":169,"column":2},"end":{"line":169,"column":38}},"type":"if","locations":[{"start":{"line":169,"column":2},"end":{"line":169,"column":38}},{"start":{},"end":{}}],"line":169},"26":{"loc":{"start":{"line":174,"column":16},"end":{"line":174,"column":82}},"type":"binary-expr","locations":[{"start":{"line":174,"column":16},"end":{"line":174,"column":76}},{"start":{"line":174,"column":80},"end":{"line":174,"column":82}}],"line":174},"27":{"loc":{"start":{"line":176,"column":36},"end":{"line":176,"column":48}},"type":"binary-expr","locations":[{"start":{"line":176,"column":36},"end":{"line":176,"column":43}},{"start":{"line":176,"column":47},"end":{"line":176,"column":48}}],"line":176},"28":{"loc":{"start":{"line":177,"column":39},"end":{"line":177,"column":76}},"type":"binary-expr","locations":[{"start":{"line":177,"column":39},"end":{"line":177,"column":51}},{"start":{"line":177,"column":55},"end":{"line":177,"column":76}}],"line":177},"29":{"loc":{"start":{"line":188,"column":2},"end":{"line":188,"column":23}},"type":"if","locations":[{"start":{"line":188,"column":2},"end":{"line":188,"column":23}},{"start":{},"end":{}}],"line":188},"30":{"loc":{"start":{"line":190,"column":9},"end":{"line":190,"column":72}},"type":"cond-expr","locations":[{"start":{"line":190,"column":30},"end":{"line":190,"column":41}},{"start":{"line":190,"column":44},"end":{"line":190,"column":72}}],"line":190},"31":{"loc":{"start":{"line":199,"column":25},"end":{"line":199,"column":46}},"type":"binary-expr","locations":[{"start":{"line":199,"column":25},"end":{"line":199,"column":40}},{"start":{"line":199,"column":44},"end":{"line":199,"column":46}}],"line":199},"32":{"loc":{"start":{"line":201,"column":24},"end":{"line":201,"column":45}},"type":"binary-expr","locations":[{"start":{"line":201,"column":24},"end":{"line":201,"column":39}},{"start":{"line":201,"column":43},"end":{"line":201,"column":45}}],"line":201},"33":{"loc":{"start":{"line":203,"column":8},"end":{"line":206,"column":9}},"type":"if","locations":[{"start":{"line":203,"column":8},"end":{"line":206,"column":9}},{"start":{},"end":{}}],"line":203},"34":{"loc":{"start":{"line":208,"column":6},"end":{"line":218,"column":7}},"type":"if","locations":[{"start":{"line":208,"column":6},"end":{"line":218,"column":7}},{"start":{},"end":{}}],"line":208},"35":{"loc":{"start":{"line":210,"column":8},"end":{"line":213,"column":9}},"type":"if","locations":[{"start":{"line":210,"column":8},"end":{"line":213,"column":9}},{"start":{},"end":{}}],"line":210},"36":{"loc":{"start":{"line":214,"column":8},"end":{"line":217,"column":9}},"type":"if","locations":[{"start":{"line":214,"column":8},"end":{"line":217,"column":9}},{"start":{},"end":{}}],"line":214},"37":{"loc":{"start":{"line":243,"column":4},"end":{"line":249,"column":5}},"type":"if","locations":[{"start":{"line":243,"column":4},"end":{"line":249,"column":5}},{"start":{},"end":{}}],"line":243},"38":{"loc":{"start":{"line":245,"column":6},"end":{"line":245,"column":25}},"type":"if","locations":[{"start":{"line":245,"column":6},"end":{"line":245,"column":25}},{"start":{},"end":{}}],"line":245},"39":{"loc":{"start":{"line":254,"column":6},"end":{"line":254,"column":62}},"type":"if","locations":[{"start":{"line":254,"column":6},"end":{"line":254,"column":62}},{"start":{},"end":{}}],"line":254},"40":{"loc":{"start":{"line":255,"column":6},"end":{"line":259,"column":7}},"type":"if","locations":[{"start":{"line":255,"column":6},"end":{"line":259,"column":7}},{"start":{},"end":{}}],"line":255},"41":{"loc":{"start":{"line":256,"column":8},"end":{"line":257,"column":47}},"type":"if","locations":[{"start":{"line":256,"column":8},"end":{"line":257,"column":47}},{"start":{"line":257,"column":13},"end":{"line":257,"column":47}}],"line":256},"42":{"loc":{"start":{"line":257,"column":13},"end":{"line":257,"column":47}},"type":"if","locations":[{"start":{"line":257,"column":13},"end":{"line":257,"column":47}},{"start":{},"end":{}}],"line":257},"43":{"loc":{"start":{"line":260,"column":6},"end":{"line":270,"column":7}},"type":"if","locations":[{"start":{"line":260,"column":6},"end":{"line":270,"column":7}},{"start":{"line":261,"column":11},"end":{"line":270,"column":7}}],"line":260},"44":{"loc":{"start":{"line":261,"column":11},"end":{"line":270,"column":7}},"type":"if","locations":[{"start":{"line":261,"column":11},"end":{"line":270,"column":7}},{"start":{"line":262,"column":11},"end":{"line":270,"column":7}}],"line":261},"45":{"loc":{"start":{"line":261,"column":28},"end":{"line":261,"column":65}},"type":"if","locations":[{"start":{"line":261,"column":28},"end":{"line":261,"column":65}},{"start":{},"end":{}}],"line":261},"46":{"loc":{"start":{"line":262,"column":11},"end":{"line":270,"column":7}},"type":"if","locations":[{"start":{"line":262,"column":11},"end":{"line":270,"column":7}},{"start":{},"end":{}}],"line":262},"47":{"loc":{"start":{"line":264,"column":8},"end":{"line":269,"column":9}},"type":"if","locations":[{"start":{"line":264,"column":8},"end":{"line":269,"column":9}},{"start":{},"end":{}}],"line":264},"48":{"loc":{"start":{"line":264,"column":12},"end":{"line":264,"column":47}},"type":"binary-expr","locations":[{"start":{"line":264,"column":12},"end":{"line":264,"column":28}},{"start":{"line":264,"column":32},"end":{"line":264,"column":47}}],"line":264},"49":{"loc":{"start":{"line":281,"column":2},"end":{"line":281,"column":31}},"type":"if","locations":[{"start":{"line":281,"column":2},"end":{"line":281,"column":31}},{"start":{},"end":{}}],"line":281},"50":{"loc":{"start":{"line":284,"column":19},"end":{"line":284,"column":36}},"type":"binary-expr","locations":[{"start":{"line":284,"column":19},"end":{"line":284,"column":30}},{"start":{"line":284,"column":34},"end":{"line":284,"column":36}}],"line":284},"51":{"loc":{"start":{"line":285,"column":14},"end":{"line":285,"column":33}},"type":"binary-expr","locations":[{"start":{"line":285,"column":14},"end":{"line":285,"column":21}},{"start":{"line":285,"column":31},"end":{"line":285,"column":33}}],"line":285},"52":{"loc":{"start":{"line":286,"column":14},"end":{"line":286,"column":33}},"type":"binary-expr","locations":[{"start":{"line":286,"column":14},"end":{"line":286,"column":24}},{"start":{"line":286,"column":31},"end":{"line":286,"column":33}}],"line":286},"53":{"loc":{"start":{"line":287,"column":14},"end":{"line":287,"column":33}},"type":"binary-expr","locations":[{"start":{"line":287,"column":14},"end":{"line":287,"column":27}},{"start":{"line":287,"column":31},"end":{"line":287,"column":33}}],"line":287},"54":{"loc":{"start":{"line":288,"column":14},"end":{"line":290,"column":62}},"type":"cond-expr","locations":[{"start":{"line":289,"column":8},"end":{"line":289,"column":76}},{"start":{"line":290,"column":8},"end":{"line":290,"column":62}}],"line":288},"55":{"loc":{"start":{"line":289,"column":46},"end":{"line":289,"column":65}},"type":"binary-expr","locations":[{"start":{"line":289,"column":46},"end":{"line":289,"column":59}},{"start":{"line":289,"column":63},"end":{"line":289,"column":65}}],"line":289},"56":{"loc":{"start":{"line":290,"column":33},"end":{"line":290,"column":52}},"type":"binary-expr","locations":[{"start":{"line":290,"column":33},"end":{"line":290,"column":46}},{"start":{"line":290,"column":50},"end":{"line":290,"column":52}}],"line":290},"57":{"loc":{"start":{"line":292,"column":2},"end":{"line":292,"column":35}},"type":"if","locations":[{"start":{"line":292,"column":2},"end":{"line":292,"column":35}},{"start":{},"end":{}}],"line":292},"58":{"loc":{"start":{"line":295,"column":33},"end":{"line":295,"column":52}},"type":"binary-expr","locations":[{"start":{"line":295,"column":33},"end":{"line":295,"column":46}},{"start":{"line":295,"column":50},"end":{"line":295,"column":52}}],"line":295},"59":{"loc":{"start":{"line":303,"column":21},"end":{"line":303,"column":50}},"type":"binary-expr","locations":[{"start":{"line":303,"column":21},"end":{"line":303,"column":44}},{"start":{"line":303,"column":48},"end":{"line":303,"column":50}}],"line":303},"60":{"loc":{"start":{"line":304,"column":21},"end":{"line":304,"column":50}},"type":"binary-expr","locations":[{"start":{"line":304,"column":21},"end":{"line":304,"column":42}},{"start":{"line":304,"column":48},"end":{"line":304,"column":50}}],"line":304},"61":{"loc":{"start":{"line":323,"column":5},"end":{"line":323,"column":36}},"type":"cond-expr","locations":[{"start":{"line":323,"column":14},"end":{"line":323,"column":24}},{"start":{"line":323,"column":27},"end":{"line":323,"column":36}}],"line":323},"62":{"loc":{"start":{"line":328,"column":18},"end":{"line":328,"column":56}},"type":"binary-expr","locations":[{"start":{"line":328,"column":18},"end":{"line":328,"column":50}},{"start":{"line":328,"column":54},"end":{"line":328,"column":56}}],"line":328},"63":{"loc":{"start":{"line":329,"column":4},"end":{"line":329,"column":41}},"type":"if","locations":[{"start":{"line":329,"column":4},"end":{"line":329,"column":41}},{"start":{},"end":{}}],"line":329},"64":{"loc":{"start":{"line":330,"column":4},"end":{"line":330,"column":53}},"type":"if","locations":[{"start":{"line":330,"column":4},"end":{"line":330,"column":53}},{"start":{},"end":{}}],"line":330},"65":{"loc":{"start":{"line":334,"column":6},"end":{"line":337,"column":7}},"type":"if","locations":[{"start":{"line":334,"column":6},"end":{"line":337,"column":7}},{"start":{},"end":{}}],"line":334},"66":{"loc":{"start":{"line":343,"column":15},"end":{"line":343,"column":44}},"type":"binary-expr","locations":[{"start":{"line":343,"column":15},"end":{"line":343,"column":35}},{"start":{"line":343,"column":43},"end":{"line":343,"column":44}}],"line":343},"67":{"loc":{"start":{"line":344,"column":15},"end":{"line":344,"column":44}},"type":"binary-expr","locations":[{"start":{"line":344,"column":15},"end":{"line":344,"column":39}},{"start":{"line":344,"column":43},"end":{"line":344,"column":44}}],"line":344},"68":{"loc":{"start":{"line":356,"column":4},"end":{"line":356,"column":63}},"type":"if","locations":[{"start":{"line":356,"column":4},"end":{"line":356,"column":63}},{"start":{},"end":{}}],"line":356},"69":{"loc":{"start":{"line":357,"column":4},"end":{"line":357,"column":54}},"type":"if","locations":[{"start":{"line":357,"column":4},"end":{"line":357,"column":54}},{"start":{},"end":{}}],"line":357},"70":{"loc":{"start":{"line":365,"column":2},"end":{"line":365,"column":73}},"type":"if","locations":[{"start":{"line":365,"column":2},"end":{"line":365,"column":73}},{"start":{},"end":{}}],"line":365},"71":{"loc":{"start":{"line":366,"column":2},"end":{"line":366,"column":77}},"type":"if","locations":[{"start":{"line":366,"column":2},"end":{"line":366,"column":77}},{"start":{},"end":{}}],"line":366},"72":{"loc":{"start":{"line":368,"column":18},"end":{"line":368,"column":29}},"type":"binary-expr","locations":[{"start":{"line":368,"column":18},"end":{"line":368,"column":23}},{"start":{"line":368,"column":27},"end":{"line":368,"column":29}}],"line":368},"73":{"loc":{"start":{"line":375,"column":2},"end":{"line":375,"column":66}},"type":"if","locations":[{"start":{"line":375,"column":2},"end":{"line":375,"column":66}},{"start":{},"end":{}}],"line":375},"74":{"loc":{"start":{"line":375,"column":6},"end":{"line":375,"column":51}},"type":"binary-expr","locations":[{"start":{"line":375,"column":6},"end":{"line":375,"column":17}},{"start":{"line":375,"column":21},"end":{"line":375,"column":51}}],"line":375},"75":{"loc":{"start":{"line":377,"column":2},"end":{"line":377,"column":54}},"type":"if","locations":[{"start":{"line":377,"column":2},"end":{"line":377,"column":54}},{"start":{},"end":{}}],"line":377},"76":{"loc":{"start":{"line":377,"column":6},"end":{"line":377,"column":39}},"type":"binary-expr","locations":[{"start":{"line":377,"column":6},"end":{"line":377,"column":30}},{"start":{"line":377,"column":34},"end":{"line":377,"column":39}}],"line":377},"77":{"loc":{"start":{"line":378,"column":2},"end":{"line":378,"column":49}},"type":"if","locations":[{"start":{"line":378,"column":2},"end":{"line":378,"column":49}},{"start":{},"end":{}}],"line":378},"78":{"loc":{"start":{"line":379,"column":2},"end":{"line":379,"column":52}},"type":"if","locations":[{"start":{"line":379,"column":2},"end":{"line":379,"column":52}},{"start":{},"end":{}}],"line":379}},"s":{"0":1,"1":1,"2":6,"3":6,"4":6,"5":1,"6":1,"7":13,"8":13,"9":52,"10":13,"11":9,"12":2,"13":1,"14":1,"15":2,"16":2,"17":13,"18":13,"19":13,"20":13,"21":13,"22":9,"23":9,"24":13,"25":13,"26":9,"27":9,"28":9,"29":9,"30":9,"31":9,"32":1,"33":8,"34":15,"35":13,"36":13,"37":1,"38":1,"39":1,"40":13,"41":13,"42":6,"43":6,"44":13,"45":13,"46":1,"47":1,"48":1,"49":13,"50":28,"51":28,"52":28,"53":140,"54":23,"55":28,"56":17,"57":17,"58":13,"59":17,"60":14,"61":1,"62":14,"63":13,"64":17,"65":1,"66":1,"67":17,"68":10,"69":10,"70":4,"71":3,"72":10,"73":6,"74":3,"75":3,"76":6,"77":6,"78":6,"79":24,"80":6,"81":24,"82":7,"83":7,"84":5,"85":10,"86":6,"87":4,"88":4,"89":12,"90":12,"91":12,"92":12,"93":12,"94":12,"95":13,"96":13,"97":13,"98":12,"99":7,"100":7,"101":1,"102":1,"103":7,"104":1,"105":1,"106":12,"107":6,"108":6,"109":6,"110":6,"111":6,"112":6,"113":6,"114":28,"115":28,"116":28,"117":9,"118":9,"119":4,"120":5,"121":5,"122":5,"123":24,"124":24,"125":1119,"126":1119,"127":0,"128":0,"129":0,"130":1119,"131":922,"132":0,"133":922,"134":78,"135":922,"136":922,"137":197,"138":78,"139":119,"140":12,"141":6,"142":12,"143":107,"144":17,"145":17,"146":6,"147":6,"148":6,"149":6,"150":6,"151":197,"152":24,"153":24,"154":6,"155":0,"156":6,"157":6,"158":6,"159":6,"160":6,"161":6,"162":0,"163":6,"164":6,"165":6,"166":6,"167":6,"168":6,"169":6,"170":6,"171":6,"172":6,"173":6,"174":28,"175":28,"176":6,"177":28,"178":28,"179":28,"180":6,"181":6,"182":6,"183":6,"184":6,"185":6,"186":6,"187":6,"188":6,"189":6,"190":6,"191":6,"192":6,"193":12,"194":6,"195":12,"196":6,"197":6,"198":6,"199":6,"200":6,"201":6,"202":6,"203":0,"204":6,"205":0,"206":6,"207":6,"208":9,"209":1,"210":8,"211":8,"212":1,"213":7,"214":1,"215":6,"216":0,"217":6,"218":6,"219":1,"220":6},"f":{"0":6,"1":13,"2":9,"3":2,"4":2,"5":2,"6":13,"7":15,"8":28,"9":17,"10":10,"11":6,"12":6,"13":24,"14":7,"15":5,"16":10,"17":12,"18":6,"19":28,"20":6,"21":6,"22":6,"23":6,"24":6,"25":9,"26":6},"b":{"0":[6,0],"1":[9,0],"2":[1,1],"3":[9,4],"4":[13,4],"5":[9,4],"6":[7,2],"7":[9,8],"8":[1,8],"9":[13,6],"10":[1,12],"11":[13,7],"12":[6,7],"13":[13,12],"14":[1,12],"15":[1,0],"16":[1,0],"17":[1,0],"18":[13,4],"19":[17,3],"20":[1,13],"21":[13,1],"22":[17,4],"23":[1,0],"24":[3,1],"25":[3,3],"26":[6,0],"27":[24,24],"28":[24,24],"29":[6,4],"30":[3,1],"31":[12,0],"32":[12,0],"33":[13,0],"34":[7,5],"35":[1,6],"36":[1,6],"37":[9,19],"38":[4,5],"39":[0,1119],"40":[922,197],"41":[0,922],"42":[78,844],"43":[78,119],"44":[12,107],"45":[6,6],"46":[17,90],"47":[6,11],"48":[17,6],"49":[0,6],"50":[6,0],"51":[6,0],"52":[6,2],"53":[6,0],"54":[3,3],"55":[3,0],"56":[3,0],"57":[0,6],"58":[6,4],"59":[6,0],"60":[6,0],"61":[0,6],"62":[28,6],"63":[6,22],"64":[28,0],"65":[6,0],"66":[6,0],"67":[6,0],"68":[6,6],"69":[6,6],"70":[0,6],"71":[0,6],"72":[6,0],"73":[1,8],"74":[9,8],"75":[1,7],"76":[8,7],"77":[1,6],"78":[0,6]},"_coverageSchema":"1a1c01bbd47fc00a2c39e90264f33305004495a9","hash":"2535b329e2df93eed8d7ba4e8057cfc56d477274"}
}
