TN:
SF:jobFetcher.js
FN:8,slugify
FN:18,cacheGet
FN:28,cacheSet
FN:38,randomPostedAt
FN:43,getMockData
FN:104,extractRequirements
FN:128,httpGet
FN:129,(anonymous_7)
FN:134,(anonymous_8)
FN:136,(anonymous_9)
FN:139,(anonymous_10)
FN:147,formatPayRange
FN:151,(anonymous_12)
FN:160,transformJSearchJob
FN:188,sanitizeTitle
FN:196,buildSingleQuery
FN:213,fetchOneTitle
FN:283,deduplicateJobs
FN:285,(anonymous_18)
FN:296,fetchFromJSearch
FN:317,(anonymous_20)
FN:326,(anonymous_21)
FN:331,(anonymous_22)
FN:344,(anonymous_23)
FN:355,(anonymous_24)
FN:385,isCompatibleWithLocation
FN:388,(anonymous_26)
FN:393,transformRemotiveJob
FN:409,fetchFromRemotive
FN:425,(anonymous_29)
FN:433,(anonymous_30)
FN:438,fetchJobs
FN:455,(anonymous_32)
FN:460,clearCache
FN:462,(anonymous_34)
FN:463,(anonymous_35)
FN:478,(anonymous_36)
FNF:37
FNH:37
FNDA:54,slugify
FNDA:20,cacheGet
FNDA:16,cacheSet
FNDA:13,randomPostedAt
FNDA:4,getMockData
FNDA:28,extractRequirements
FNDA:13,httpGet
FNDA:13,(anonymous_7)
FNDA:13,(anonymous_8)
FNDA:13,(anonymous_9)
FNDA:13,(anonymous_10)
FNDA:18,formatPayRange
FNDA:26,(anonymous_12)
FNDA:12,transformJSearchJob
FNDA:34,sanitizeTitle
FNDA:20,buildSingleQuery
FNDA:14,fetchOneTitle
FNDA:21,deduplicateJobs
FNDA:48,(anonymous_18)
FNDA:11,fetchFromJSearch
FNDA:1,(anonymous_20)
FNDA:13,(anonymous_21)
FNDA:7,(anonymous_22)
FNDA:2,(anonymous_23)
FNDA:5,(anonymous_24)
FNDA:13,isCompatibleWithLocation
FNDA:44,(anonymous_26)
FNDA:10,transformRemotiveJob
FNDA:8,fetchFromRemotive
FNDA:6,(anonymous_29)
FNDA:5,(anonymous_30)
FNDA:3,fetchJobs
FNDA:4,(anonymous_32)
FNDA:26,clearCache
FNDA:15,(anonymous_34)
FNDA:15,(anonymous_35)
FNDA:4,(anonymous_36)
DA:1,2
DA:2,2
DA:3,2
DA:5,2
DA:6,2
DA:9,54
DA:19,20
DA:20,20
DA:21,12
DA:22,12
DA:24,1
DA:29,16
DA:30,16
DA:31,16
DA:32,16
DA:34,0
DA:39,13
DA:40,13
DA:44,4
DA:45,0
DA:46,0
DA:50,4
DA:105,28
DA:108,28
DA:109,3
DA:110,10
DA:111,10
DA:115,28
DA:118,27
DA:120,24
DA:122,50
DA:125,27
DA:129,13
DA:130,13
DA:133,13
DA:135,13
DA:136,13
DA:137,13
DA:139,13
DA:148,18
DA:149,14
DA:150,14
DA:151,14
DA:152,26
DA:155,14
DA:156,2
DA:157,1
DA:161,12
DA:162,12
DA:163,12
DA:164,12
DA:165,12
DA:167,12
DA:189,34
DA:197,20
DA:198,20
DA:199,19
DA:200,19
DA:201,19
DA:209,19
DA:219,14
DA:220,14
DA:222,14
DA:223,14
DA:226,14
DA:227,0
DA:228,0
DA:232,14
DA:233,14
DA:234,9
DA:235,9
DA:238,5
DA:240,5
DA:248,5
DA:249,5
DA:250,5
DA:252,0
DA:253,0
DA:259,5
DA:262,5
DA:263,5
DA:265,1
DA:268,4
DA:269,1
DA:274,3
DA:277,3
DA:278,3
DA:280,3
DA:284,21
DA:285,21
DA:287,48
DA:288,48
DA:289,44
DA:290,44
DA:294,2
DA:302,11
DA:303,2
DA:304,2
DA:307,9
DA:308,9
DA:309,9
DA:310,1
DA:312,8
DA:316,8
DA:317,1
DA:318,1
DA:320,1
DA:324,7
DA:326,13
DA:327,7
DA:330,7
DA:332,7
DA:335,5
DA:336,5
DA:341,5
DA:342,5
DA:343,2
DA:345,2
DA:348,2
DA:349,2
DA:353,5
DA:354,5
DA:356,5
DA:363,5
DA:364,5
DA:366,5
DA:367,5
DA:370,5
DA:375,2
DA:386,13
DA:387,10
DA:388,44
DA:389,4
DA:390,4
DA:394,10
DA:395,10
DA:410,8
DA:411,8
DA:415,8
DA:418,7
DA:419,7
DA:421,1
DA:424,6
DA:425,6
DA:426,6
DA:428,6
DA:433,6
DA:440,3
DA:441,1
DA:448,2
DA:455,3
DA:456,4
DA:461,26
DA:462,26
DA:463,26
DA:464,15
DA:466,26
DA:469,2
DA:478,4
LF:159
LH:152
BRDA:20,0,0,8
BRDA:20,0,1,12
BRDA:38,1,0,13
BRDA:44,2,0,0
BRDA:44,2,1,4
BRDA:108,3,0,3
BRDA:108,3,1,25
BRDA:111,4,0,9
BRDA:111,4,1,1
BRDA:115,5,0,1
BRDA:115,5,1,27
BRDA:118,6,0,24
BRDA:118,6,1,3
BRDA:128,7,0,8
BRDA:148,8,0,4
BRDA:148,8,1,14
BRDA:148,9,0,18
BRDA:148,9,1,5
BRDA:149,10,0,11
BRDA:149,10,1,3
BRDA:150,11,0,1
BRDA:150,11,1,13
BRDA:150,12,0,1
BRDA:150,12,1,12
BRDA:152,13,0,24
BRDA:152,13,1,2
BRDA:152,14,0,26
BRDA:152,14,1,24
BRDA:155,15,0,12
BRDA:155,15,1,2
BRDA:155,16,0,14
BRDA:155,16,1,13
BRDA:156,17,0,1
BRDA:156,17,1,1
BRDA:161,18,0,12
BRDA:161,18,1,1
BRDA:162,19,0,12
BRDA:162,19,1,1
BRDA:163,20,0,12
BRDA:163,20,1,1
BRDA:165,21,0,12
BRDA:165,21,1,1
BRDA:168,22,0,12
BRDA:168,22,1,0
BRDA:169,23,0,12
BRDA:169,23,1,0
BRDA:170,24,0,12
BRDA:170,24,1,0
BRDA:177,25,0,12
BRDA:177,25,1,1
BRDA:177,25,2,0
BRDA:178,26,0,12
BRDA:178,26,1,0
BRDA:196,27,0,0
BRDA:198,28,0,1
BRDA:198,28,1,19
BRDA:199,29,0,19
BRDA:199,29,1,2
BRDA:205,30,0,19
BRDA:205,30,1,1
BRDA:215,31,0,14
BRDA:216,32,0,0
BRDA:217,33,0,0
BRDA:223,34,0,0
BRDA:223,34,1,14
BRDA:226,35,0,0
BRDA:226,35,1,14
BRDA:233,36,0,9
BRDA:233,36,1,5
BRDA:248,37,0,5
BRDA:248,37,1,0
BRDA:268,38,0,1
BRDA:268,38,1,3
BRDA:270,39,0,1
BRDA:270,39,1,0
BRDA:274,40,0,3
BRDA:274,40,1,0
BRDA:287,41,0,48
BRDA:287,41,1,2
BRDA:288,42,0,4
BRDA:288,42,1,44
BRDA:298,43,0,0
BRDA:299,44,0,10
BRDA:300,45,0,10
BRDA:302,46,0,2
BRDA:302,46,1,9
BRDA:309,47,0,1
BRDA:309,47,1,8
BRDA:309,48,0,9
BRDA:309,48,1,1
BRDA:316,49,0,1
BRDA:316,49,1,7
BRDA:324,50,0,0
BRDA:324,51,0,1
BRDA:327,52,0,7
BRDA:327,52,1,0
BRDA:337,53,0,5
BRDA:337,53,1,0
BRDA:342,54,0,2
BRDA:342,54,1,3
BRDA:342,55,0,5
BRDA:342,55,1,3
BRDA:386,56,0,3
BRDA:386,56,1,10
BRDA:386,57,0,13
BRDA:386,57,1,11
BRDA:388,58,0,6
BRDA:388,58,1,4
BRDA:390,59,0,4
BRDA:390,59,1,4
BRDA:394,60,0,10
BRDA:394,60,1,2
BRDA:396,61,0,10
BRDA:396,61,1,0
BRDA:397,62,0,10
BRDA:397,62,1,0
BRDA:398,63,0,10
BRDA:398,63,1,1
BRDA:400,64,0,10
BRDA:400,64,1,2
BRDA:402,65,0,10
BRDA:402,65,1,0
BRDA:403,66,0,10
BRDA:403,66,1,1
BRDA:409,67,0,6
BRDA:415,68,0,1
BRDA:415,68,1,7
BRDA:424,69,0,6
BRDA:424,69,1,0
BRDA:428,70,0,4
BRDA:428,70,1,2
BRDA:438,71,0,3
BRDA:438,72,0,2
BRDA:440,73,0,1
BRDA:440,73,1,2
BRDA:440,74,0,3
BRDA:440,74,1,2
BRDA:442,75,0,1
BRDA:442,75,1,0
BRDA:456,76,0,3
BRDA:456,76,1,1
BRDA:461,77,0,0
BRDA:461,77,1,26
BRF:143
BRH:119
end_of_record
TN:
SF:matchScorer.js
FN:13,tokenize
FN:18,(anonymous_1)
FN:21,normalize
FN:25,buildResumeTokenSet
FN:29,(anonymous_4)
FN:32,(anonymous_5)
FN:33,(anonymous_6)
FN:36,(anonymous_7)
FN:43,scoreRequirements
FN:51,(anonymous_9)
FN:52,(anonymous_10)
FN:64,seniorityLevel
FN:73,scoreSeniority
FN:80,scoreProximity
FN:98,buildMatchReason
FN:109,scoreJob
FN:125,scoreAndRank
FN:129,(anonymous_17)
FN:130,(anonymous_18)
FNF:19
FNH:18
FNDA:113,tokenize
FNDA:137,(anonymous_1)
FNDA:71,normalize
FNDA:21,buildResumeTokenSet
FNDA:35,(anonymous_4)
FNDA:41,(anonymous_5)
FNDA:3,(anonymous_6)
FNDA:0,(anonymous_7)
FNDA:27,scoreRequirements
FNDA:36,(anonymous_9)
FNDA:37,(anonymous_10)
FNDA:54,seniorityLevel
FNDA:27,scoreSeniority
FNDA:27,scoreProximity
FNDA:27,buildMatchReason
FNDA:27,scoreJob
FNDA:24,scoreAndRank
FNDA:27,(anonymous_17)
FNDA:6,(anonymous_18)
DA:1,1
DA:14,113
DA:18,137
DA:22,71
DA:26,21
DA:27,21
DA:28,35
DA:29,35
DA:31,21
DA:32,41
DA:33,21
DA:35,21
DA:36,0
DA:38,21
DA:44,27
DA:45,22
DA:46,22
DA:47,22
DA:48,36
DA:49,36
DA:50,36
DA:51,36
DA:52,37
DA:53,36
DA:54,11
DA:56,22
DA:61,1
DA:62,1
DA:65,54
DA:66,54
DA:67,49
DA:68,47
DA:71,1
DA:74,27
DA:75,27
DA:81,27
DA:85,27
DA:87,24
DA:88,23
DA:89,23
DA:90,23
DA:91,23
DA:92,2
DA:93,1
DA:99,27
DA:100,27
DA:101,8
DA:102,19
DA:103,19
DA:104,19
DA:110,27
DA:111,27
DA:112,27
DA:115,27
DA:118,27
DA:119,27
DA:121,27
DA:122,27
DA:126,24
DA:127,21
DA:128,21
DA:129,27
DA:130,6
DA:133,1
LF:64
LH:63
BRDA:18,0,0,137
BRDA:18,0,1,117
BRDA:27,1,0,21
BRDA:27,1,1,0
BRDA:31,2,0,21
BRDA:31,2,1,0
BRDA:32,3,0,21
BRDA:32,3,1,0
BRDA:33,4,0,21
BRDA:33,4,1,20
BRDA:35,5,0,21
BRDA:35,5,1,0
BRDA:36,6,0,0
BRDA:36,6,1,0
BRDA:44,7,0,5
BRDA:44,7,1,22
BRDA:51,8,0,36
BRDA:51,8,1,36
BRDA:53,9,0,25
BRDA:53,9,1,11
BRDA:53,10,0,36
BRDA:53,10,1,11
BRDA:53,10,2,11
BRDA:65,11,0,0
BRDA:65,11,1,54
BRDA:66,12,0,5
BRDA:66,12,1,49
BRDA:67,13,0,2
BRDA:67,13,1,47
BRDA:75,14,0,24
BRDA:75,14,1,3
BRDA:75,15,0,1
BRDA:75,15,1,2
BRDA:81,16,0,27
BRDA:81,16,1,24
BRDA:81,16,2,24
BRDA:81,16,3,24
BRDA:82,17,0,24
BRDA:82,17,1,0
BRDA:83,18,0,24
BRDA:83,18,1,0
BRDA:84,19,0,24
BRDA:84,19,1,24
BRDA:85,20,0,3
BRDA:85,20,1,24
BRDA:87,21,0,1
BRDA:87,21,1,23
BRDA:87,22,0,24
BRDA:87,22,1,1
BRDA:88,23,0,23
BRDA:88,23,1,0
BRDA:89,24,0,23
BRDA:89,24,1,0
BRDA:90,25,0,23
BRDA:90,25,1,0
BRDA:91,26,0,21
BRDA:91,26,1,2
BRDA:91,27,0,23
BRDA:91,27,1,23
BRDA:92,28,0,1
BRDA:92,28,1,1
BRDA:92,29,0,2
BRDA:92,29,1,2
BRDA:100,30,0,8
BRDA:100,30,1,19
BRDA:103,31,0,3
BRDA:103,31,1,16
BRDA:111,32,0,27
BRDA:111,32,1,0
BRDA:111,33,0,27
BRDA:111,33,1,0
BRDA:119,34,0,6
BRDA:119,34,1,21
BRDA:126,35,0,3
BRDA:126,35,1,21
BRF:75
BRH:61
end_of_record
TN:
SF:resumeParser.js
FN:34,cleanText
FN:38,splitLines
FN:39,(anonymous_2)
FN:43,extractVocabSkills
FN:50,(anonymous_4)
FN:63,extractLocation
FN:76,(anonymous_6)
FN:95,splitLocation
FN:97,(anonymous_8)
FN:102,parseJobTitle
FN:121,looksLikeJobTitle
FN:141,extractExperience
FN:155,(anonymous_12)
FN:158,extractEducation
FN:183,parseResume
FN:215,(anonymous_15)
FN:216,(anonymous_16)
FN:217,(anonymous_17)
FNF:18
FNH:18
FNDA:6,cleanText
FNDA:4,splitLines
FNDA:27,(anonymous_2)
FNDA:6,extractVocabSkills
FNDA:19,(anonymous_4)
FNDA:10,extractLocation
FNDA:15,(anonymous_6)
FNDA:6,splitLocation
FNDA:7,(anonymous_8)
FNDA:11,parseJobTitle
FNDA:28,looksLikeJobTitle
FNDA:6,extractExperience
FNDA:7,(anonymous_12)
FNDA:6,extractEducation
FNDA:2,parseResume
FNDA:3,(anonymous_15)
FNDA:3,(anonymous_16)
FNDA:3,(anonymous_17)
DA:3,1
DA:29,1
DA:30,1
DA:31,1
DA:35,6
DA:39,27
DA:44,6
DA:45,6
DA:46,6
DA:47,600
DA:48,16
DA:50,19
DA:55,6
DA:59,1
DA:60,1
DA:61,1
DA:65,10
DA:66,21
DA:68,20
DA:69,19
DA:71,18
DA:74,18
DA:75,18
DA:76,15
DA:77,7
DA:78,7
DA:84,7
DA:89,11
DA:92,1
DA:96,6
DA:97,7
DA:98,4
DA:104,11
DA:105,11
DA:107,11
DA:108,11
DA:110,11
DA:113,1
DA:115,1
DA:116,1
DA:117,1
DA:119,1
DA:123,28
DA:124,27
DA:125,26
DA:126,14
DA:127,12
DA:128,11
DA:130,11
DA:131,11
DA:132,11
DA:135,11
DA:138,9
DA:142,6
DA:143,6
DA:145,6
DA:146,21
DA:147,7
DA:148,7
DA:149,14
DA:150,11
DA:153,6
DA:155,7
DA:159,6
DA:160,6
DA:162,6
DA:163,8
DA:164,8
DA:166,8
DA:167,4
DA:168,4
DA:169,4
DA:170,4
DA:175,4
DA:176,1
DA:179,6
DA:180,6
DA:184,2
DA:185,2
DA:188,2
DA:191,2
DA:192,2
DA:193,2
DA:195,2
DA:196,17
DA:197,3
DA:198,3
DA:199,3
DA:201,14
DA:204,2
DA:206,2
DA:207,2
DA:209,2
DA:210,2
DA:213,2
DA:214,2
DA:215,3
DA:216,3
DA:217,3
DA:219,2
DA:221,2
DA:223,2
DA:224,2
DA:226,2
DA:238,1
LF:105
LH:105
BRDA:47,0,0,16
BRDA:47,0,1,584
BRDA:66,1,0,1
BRDA:66,1,1,20
BRDA:66,2,0,21
BRDA:66,2,1,20
BRDA:68,3,0,1
BRDA:68,3,1,19
BRDA:69,4,0,1
BRDA:69,4,1,18
BRDA:75,5,0,7
BRDA:75,5,1,11
BRDA:78,6,0,7
BRDA:78,6,1,0
BRDA:79,7,0,7
BRDA:79,7,1,0
BRDA:79,7,2,0
BRDA:79,7,3,0
BRDA:89,8,0,2
BRDA:89,8,1,9
BRDA:96,9,0,2
BRDA:96,9,1,4
BRDA:98,10,0,4
BRDA:98,10,1,0
BRDA:98,11,0,4
BRDA:98,11,1,1
BRDA:123,12,0,1
BRDA:123,12,1,27
BRDA:124,13,0,1
BRDA:124,13,1,26
BRDA:125,14,0,12
BRDA:125,14,1,14
BRDA:126,15,0,2
BRDA:126,15,1,12
BRDA:127,16,0,1
BRDA:127,16,1,11
BRDA:128,17,0,0
BRDA:128,17,1,11
BRDA:135,18,0,2
BRDA:135,18,1,9
BRDA:135,19,0,2
BRDA:135,19,1,1
BRDA:138,20,0,9
BRDA:138,20,1,8
BRDA:138,20,2,8
BRDA:146,21,0,7
BRDA:146,21,1,14
BRDA:146,22,0,21
BRDA:146,22,1,7
BRDA:147,23,0,2
BRDA:147,23,1,5
BRDA:149,24,0,11
BRDA:149,24,1,3
BRDA:150,25,0,4
BRDA:150,25,1,7
BRDA:153,26,0,5
BRDA:153,26,1,1
BRDA:166,27,0,4
BRDA:166,27,1,4
BRDA:166,28,0,8
BRDA:166,28,1,5
BRDA:167,29,0,0
BRDA:167,29,1,4
BRDA:172,30,0,4
BRDA:172,30,1,1
BRDA:173,31,0,4
BRDA:173,31,1,1
BRDA:175,32,0,1
BRDA:175,32,1,3
BRDA:175,33,0,4
BRDA:175,33,1,2
BRDA:179,34,0,4
BRDA:179,34,1,2
BRDA:196,35,0,3
BRDA:196,35,1,14
BRDA:206,36,0,2
BRDA:206,36,1,1
BRDA:206,36,2,1
BRDA:206,36,3,1
BRDA:207,37,0,2
BRDA:207,37,1,1
BRDA:207,37,2,1
BRDA:207,37,3,1
BRDA:209,38,0,1
BRDA:209,38,1,1
BRDA:216,39,0,3
BRDA:216,39,1,3
BRDA:217,40,0,0
BRDA:217,40,1,3
BRDA:219,41,0,2
BRDA:219,41,1,0
BRF:91
BRH:82
end_of_record
TN:
SF:resumeParserAI.js
FN:4,getClient
FN:43,parseResumeAI
FN:71,(anonymous_2)
FN:77,(anonymous_3)
FN:83,(anonymous_4)
FN:87,(anonymous_5)
FNF:6
FNH:6
FNDA:9,getClient
FNDA:9,parseResumeAI
FNDA:7,(anonymous_2)
FNDA:6,(anonymous_3)
FNDA:7,(anonymous_4)
FNDA:9,(anonymous_5)
DA:1,1
DA:3,1
DA:5,9
DA:6,9
DA:9,1
DA:44,9
DA:55,9
DA:56,9
DA:59,8
DA:60,8
DA:62,1
DA:65,7
DA:71,7
DA:77,6
DA:83,7
DA:87,9
LF:16
LH:16
BRDA:5,0,0,9
BRDA:5,0,1,0
BRDA:56,1,0,1
BRDA:56,1,1,8
BRDA:66,2,0,7
BRDA:66,2,1,1
BRDA:67,3,0,7
BRDA:67,3,1,1
BRDA:68,4,0,7
BRDA:68,4,1,1
BRDA:69,5,0,7
BRDA:69,5,1,1
BRDA:70,6,0,7
BRDA:70,6,1,1
BRDA:71,7,0,7
BRDA:71,7,1,1
BRDA:72,8,0,7
BRDA:72,8,1,0
BRDA:73,9,0,7
BRDA:73,9,1,1
BRDA:74,10,0,7
BRDA:74,10,1,1
BRDA:75,11,0,7
BRDA:75,11,1,3
BRDA:77,12,0,7
BRDA:77,12,1,1
BRDA:78,13,0,6
BRDA:78,13,1,0
BRDA:79,14,0,6
BRDA:79,14,1,0
BRDA:81,15,0,7
BRDA:81,15,1,1
BRDA:82,16,0,7
BRDA:82,16,1,1
BRDA:83,17,0,7
BRDA:83,17,1,1
BRF:36
BRH:32
end_of_record
TN:
SF:server.js
FN:20,(anonymous_0)
FN:28,(anonymous_1)
FN:47,(anonymous_2)
FN:62,(anonymous_3)
FN:75,(anonymous_4)
FN:121,(anonymous_5)
FN:130,(anonymous_6)
FN:131,(anonymous_7)
FN:151,(anonymous_8)
FN:175,(anonymous_9)
FN:180,(anonymous_10)
FN:211,(anonymous_11)
FN:221,(anonymous_12)
FN:227,(anonymous_13)
FN:233,(anonymous_14)
FNF:15
FNH:12
FNDA:8,(anonymous_0)
FNDA:3,(anonymous_1)
FNDA:4,(anonymous_2)
FNDA:2,(anonymous_3)
FNDA:6,(anonymous_4)
FNDA:2,(anonymous_5)
FNDA:3,(anonymous_6)
FNDA:2,(anonymous_7)
FNDA:9,(anonymous_8)
FNDA:0,(anonymous_9)
FNDA:4,(anonymous_10)
FNDA:2,(anonymous_11)
FNDA:1,(anonymous_12)
FNDA:0,(anonymous_13)
FNDA:0,(anonymous_14)
DA:1,1
DA:2,1
DA:3,1
DA:5,1
DA:6,1
DA:7,1
DA:8,1
DA:9,1
DA:10,1
DA:11,1
DA:13,1
DA:14,1
DA:15,1
DA:17,1
DA:21,8
DA:22,1
DA:24,7
DA:28,1
DA:29,3
DA:30,1
DA:33,2
DA:34,2
DA:35,1
DA:36,1
DA:43,1
DA:47,1
DA:48,4
DA:50,4
DA:51,1
DA:54,3
DA:55,3
DA:61,2
DA:62,2
DA:63,2
DA:64,2
DA:65,1
DA:66,1
DA:68,2
DA:70,1
DA:75,1
DA:76,6
DA:77,1
DA:80,5
DA:82,5
DA:84,5
DA:85,4
DA:87,4
DA:91,4
DA:92,1
DA:95,3
DA:99,3
DA:103,3
DA:107,3
DA:109,3
DA:117,3
DA:120,3
DA:121,3
DA:122,2
DA:123,2
DA:124,1
DA:125,1
DA:128,3
DA:130,3
DA:131,3
DA:133,3
DA:147,1
DA:151,1
DA:152,9
DA:154,9
DA:156,9
DA:157,2
DA:158,7
DA:159,2
DA:160,5
DA:161,1
DA:163,4
DA:164,4
DA:165,4
DA:166,4
DA:167,4
DA:168,4
DA:169,4
DA:170,4
DA:175,4
DA:176,0
DA:179,4
DA:180,4
DA:181,4
DA:182,4
DA:183,4
DA:186,4
DA:187,4
DA:192,0
DA:193,0
DA:194,0
DA:197,2
DA:198,2
DA:199,1
DA:201,1
DA:202,1
DA:203,1
DA:206,4
DA:207,4
DA:211,1
DA:212,2
DA:213,2
DA:214,1
DA:215,1
DA:217,1
DA:221,1
DA:222,1
DA:223,1
DA:224,1
DA:227,1
DA:228,0
DA:231,1
DA:232,0
DA:233,0
DA:236,1
LF:119
LH:112
BRDA:21,0,0,1
BRDA:21,0,1,7
BRDA:29,1,0,1
BRDA:29,1,1,2
BRDA:50,2,0,1
BRDA:50,2,1,3
BRDA:58,3,0,3
BRDA:58,3,1,3
BRDA:59,4,0,3
BRDA:59,4,1,3
BRDA:63,5,0,2
BRDA:63,5,1,1
BRDA:64,6,0,1
BRDA:64,6,1,1
BRDA:76,7,0,1
BRDA:76,7,1,5
BRDA:87,8,0,2
BRDA:87,8,1,2
BRDA:89,9,0,1
BRDA:89,9,1,1
BRDA:91,10,0,1
BRDA:91,10,1,3
BRDA:95,11,0,3
BRDA:95,11,1,0
BRDA:95,12,0,3
BRDA:95,12,1,3
BRDA:97,13,0,0
BRDA:97,13,1,0
BRDA:103,14,0,3
BRDA:103,14,1,0
BRDA:103,14,2,0
BRDA:104,15,0,0
BRDA:104,15,1,0
BRDA:107,16,0,3
BRDA:107,16,1,0
BRDA:114,17,0,3
BRDA:114,17,1,3
BRDA:122,18,0,2
BRDA:122,18,1,2
BRDA:123,19,0,1
BRDA:123,19,1,1
BRDA:138,20,0,3
BRDA:138,20,1,0
BRDA:139,21,0,3
BRDA:139,21,1,0
BRDA:141,22,0,3
BRDA:141,22,1,0
BRDA:154,23,0,9
BRDA:154,23,1,2
BRDA:154,24,0,9
BRDA:154,24,1,1
BRDA:154,25,0,9
BRDA:154,25,1,1
BRDA:156,26,0,2
BRDA:156,26,1,7
BRDA:156,27,0,9
BRDA:156,27,1,8
BRDA:158,28,0,2
BRDA:158,28,1,5
BRDA:158,29,0,7
BRDA:158,29,1,6
BRDA:160,30,0,1
BRDA:160,30,1,4
BRDA:176,31,0,0
BRDA:176,31,1,0
BRDA:192,32,0,0
BRDA:192,32,1,0
BRDA:192,33,0,0
BRDA:192,33,1,0
BRDA:194,34,0,0
BRDA:194,34,1,0
BRDA:197,35,0,2
BRDA:197,35,1,1
BRDA:198,36,0,1
BRDA:198,36,1,1
BRDA:202,37,0,1
BRDA:202,37,1,0
BRDA:207,38,0,4
BRDA:207,38,1,0
BRDA:223,39,0,0
BRDA:223,39,1,1
BRDA:224,40,0,1
BRDA:224,40,1,1
BRDA:231,41,0,0
BRDA:231,41,1,1
BRDA:232,42,0,0
BRDA:232,42,1,0
BRF:87
BRH:62
end_of_record
TN:
SF:tailorResume.js
FN:4,getClient
FN:47,stripJdNoise
FN:58,slugify
FN:62,splitDescription
FN:66,(anonymous_4)
FN:67,(anonymous_5)
FN:70,buildUserMessage
FN:93,(anonymous_7)
FN:125,extractMetrics
FN:140,getRawResumeText
FN:153,stripHallucinatedMetrics
FN:168,truncateItem
FN:173,extractJdKeywords
FN:177,(anonymous_13)
FN:180,countJdKeywords
FN:182,(anonymous_15)
FN:187,truncateRationale
FN:195,scoreTailoredResult
FN:229,(anonymous_18)
FN:239,(anonymous_19)
FN:280,normalizeSectionItem
FN:284,(anonymous_21)
FN:291,(anonymous_22)
FN:302,streamTailorResume
FN:351,tailorResume
FN:374,validateSuggestionAST
FN:390,(anonymous_26)
FNF:27
FNH:27
FNDA:10,getClient
FNDA:20,stripJdNoise
FNDA:13,slugify
FNDA:2,splitDescription
FNDA:2,(anonymous_4)
FNDA:2,(anonymous_5)
FNDA:20,buildUserMessage
FNDA:23,(anonymous_7)
FNDA:34,extractMetrics
FNDA:24,getRawResumeText
FNDA:14,stripHallucinatedMetrics
FNDA:6,truncateItem
FNDA:9,extractJdKeywords
FNDA:36,(anonymous_13)
FNDA:7,countJdKeywords
FNDA:5,(anonymous_15)
FNDA:13,truncateRationale
FNDA:15,scoreTailoredResult
FNDA:10,(anonymous_18)
FNDA:36,(anonymous_19)
FNDA:11,normalizeSectionItem
FNDA:10,(anonymous_21)
FNDA:10,(anonymous_22)
FNDA:10,streamTailorResume
FNDA:9,tailorResume
FNDA:9,validateSuggestionAST
FNDA:10,(anonymous_26)
DA:1,1
DA:3,1
DA:5,10
DA:6,10
DA:12,1
DA:40,1
DA:48,20
DA:49,20
DA:50,80
DA:53,20
DA:59,13
DA:63,2
DA:64,1
DA:66,2
DA:67,2
DA:71,20
DA:72,20
DA:73,20
DA:74,20
DA:76,20
DA:77,13
DA:78,13
DA:81,20
DA:82,20
DA:83,13
DA:84,13
DA:85,13
DA:86,13
DA:87,13
DA:90,13
DA:91,1
DA:93,23
DA:98,20
DA:99,20
DA:100,1
DA:101,1
DA:102,1
DA:106,20
DA:107,20
DA:108,10
DA:109,10
DA:112,20
DA:113,20
DA:114,1
DA:115,1
DA:116,1
DA:120,20
DA:126,34
DA:133,34
DA:134,34
DA:135,170
DA:137,34
DA:141,24
DA:142,24
DA:143,24
DA:144,21
DA:145,21
DA:147,24
DA:148,1
DA:150,24
DA:154,14
DA:155,14
DA:156,4
DA:157,3
DA:165,14
DA:169,6
DA:170,3
DA:174,9
DA:175,9
DA:176,36
DA:177,36
DA:181,7
DA:182,7
DA:188,13
DA:189,4
DA:190,4
DA:196,15
DA:197,15
DA:199,15
DA:200,14
DA:201,14
DA:202,14
DA:203,13
DA:204,13
DA:205,13
DA:208,14
DA:209,7
DA:210,7
DA:211,1
DA:212,1
DA:214,7
DA:215,1
DA:216,1
DA:222,15
DA:230,10
DA:231,10
DA:232,10
DA:233,10
DA:234,10
DA:235,10
DA:236,10
DA:240,36
DA:241,36
DA:243,36
DA:244,13
DA:245,13
DA:246,9
DA:247,9
DA:248,9
DA:251,32
DA:252,32
DA:253,1851
DA:254,1851
DA:255,1851
DA:256,1498
DA:257,1498
DA:258,1498
DA:260,353
DA:261,214
DA:262,192
DA:263,31
DA:264,31
DA:265,11
DA:266,11
DA:267,11
DA:268,11
DA:271,353
DA:273,32
DA:274,32
DA:281,11
DA:282,10
DA:283,10
DA:284,10
DA:291,10
DA:292,10
DA:293,9
DA:303,10
DA:304,10
DA:305,10
DA:307,10
DA:308,10
DA:309,10
DA:311,10
DA:325,10
DA:326,10
DA:327,10
DA:328,36
DA:329,36
DA:330,36
DA:332,36
DA:333,11
DA:334,11
DA:335,9
DA:336,9
DA:341,10
DA:342,10
DA:343,10
DA:344,10
DA:345,10
DA:346,10
DA:352,9
DA:353,9
DA:355,9
DA:356,17
DA:357,17
DA:360,9
DA:361,9
DA:362,9
DA:363,9
DA:364,9
DA:365,9
DA:366,9
DA:368,9
DA:369,9
DA:375,9
DA:376,8
DA:377,8
DA:378,7
DA:379,6
DA:380,6
DA:381,6
DA:384,1
DA:390,10
LF:183
LH:183
BRDA:5,0,0,10
BRDA:5,0,1,0
BRDA:59,1,0,13
BRDA:59,1,1,0
BRDA:63,2,0,1
BRDA:63,2,1,1
BRDA:76,3,0,13
BRDA:76,3,1,7
BRDA:81,4,0,20
BRDA:81,4,1,7
BRDA:82,5,0,13
BRDA:82,5,1,7
BRDA:87,6,0,11
BRDA:87,6,1,2
BRDA:87,7,0,13
BRDA:87,7,1,12
BRDA:90,8,0,1
BRDA:90,8,1,12
BRDA:98,9,0,20
BRDA:98,9,1,9
BRDA:99,10,0,1
BRDA:99,10,1,19
BRDA:106,11,0,20
BRDA:106,11,1,10
BRDA:107,12,0,10
BRDA:107,12,1,10
BRDA:112,13,0,20
BRDA:112,13,1,19
BRDA:113,14,0,1
BRDA:113,14,1,19
BRDA:116,15,0,1
BRDA:116,15,1,0
BRDA:116,16,0,1
BRDA:116,16,1,0
BRDA:116,17,0,1
BRDA:116,17,1,0
BRDA:142,18,0,20
BRDA:142,18,1,4
BRDA:143,19,0,24
BRDA:143,19,1,3
BRDA:144,20,0,1
BRDA:144,20,1,20
BRDA:145,21,0,20
BRDA:145,21,1,1
BRDA:147,22,0,24
BRDA:147,22,1,4
BRDA:148,23,0,1
BRDA:148,23,1,0
BRDA:156,24,0,3
BRDA:156,24,1,1
BRDA:169,25,0,3
BRDA:169,25,1,3
BRDA:174,26,0,9
BRDA:174,26,1,0
BRDA:176,27,0,36
BRDA:176,27,1,36
BRDA:177,28,0,36
BRDA:177,28,1,36
BRDA:188,29,0,9
BRDA:188,29,1,4
BRDA:190,30,0,3
BRDA:190,30,1,1
BRDA:199,31,0,15
BRDA:199,31,1,0
BRDA:201,32,0,14
BRDA:201,32,1,0
BRDA:203,33,0,13
BRDA:203,33,1,0
BRDA:208,34,0,7
BRDA:208,34,1,7
BRDA:210,35,0,1
BRDA:210,35,1,6
BRDA:214,36,0,1
BRDA:214,36,1,6
BRDA:243,37,0,13
BRDA:243,37,1,23
BRDA:245,38,0,4
BRDA:245,38,1,9
BRDA:254,39,0,0
BRDA:254,39,1,1851
BRDA:255,40,0,1498
BRDA:255,40,1,353
BRDA:256,41,0,0
BRDA:256,41,1,1498
BRDA:257,42,0,139
BRDA:257,42,1,1359
BRDA:260,43,0,139
BRDA:260,43,1,214
BRDA:261,44,0,22
BRDA:261,44,1,192
BRDA:261,45,0,11
BRDA:261,45,1,11
BRDA:262,46,0,31
BRDA:262,46,1,161
BRDA:264,47,0,11
BRDA:264,47,1,20
BRDA:264,48,0,31
BRDA:264,48,1,11
BRDA:281,49,0,1
BRDA:281,49,1,10
BRDA:284,50,0,10
BRDA:284,50,1,0
BRDA:285,51,0,10
BRDA:285,51,1,1
BRDA:286,52,0,10
BRDA:286,52,1,6
BRDA:287,53,0,10
BRDA:287,53,1,0
BRDA:288,54,0,3
BRDA:288,54,1,7
BRDA:289,55,0,3
BRDA:289,55,1,0
BRDA:290,56,0,7
BRDA:290,56,1,0
BRDA:292,57,0,1
BRDA:292,57,1,9
BRDA:295,58,0,9
BRDA:295,58,1,7
BRDA:303,59,0,10
BRDA:303,59,1,0
BRDA:304,60,0,10
BRDA:304,60,1,0
BRDA:323,61,0,1
BRDA:323,61,1,9
BRDA:328,62,0,36
BRDA:328,62,1,10
BRDA:329,63,0,10
BRDA:329,63,1,26
BRDA:330,64,0,36
BRDA:330,64,1,0
BRDA:334,65,0,9
BRDA:334,65,1,2
BRDA:343,66,0,10
BRDA:343,66,1,0
BRDA:344,67,0,10
BRDA:344,67,1,0
BRDA:356,68,0,8
BRDA:356,68,1,9
BRDA:357,69,0,9
BRDA:357,69,1,8
BRDA:365,70,0,0
BRDA:365,70,1,9
BRDA:366,71,0,0
BRDA:366,71,1,9
BRDA:368,72,0,9
BRDA:368,72,1,0
BRDA:375,73,0,1
BRDA:375,73,1,8
BRDA:375,74,0,9
BRDA:375,74,1,8
BRDA:377,75,0,1
BRDA:377,75,1,7
BRDA:377,76,0,8
BRDA:377,76,1,7
BRDA:378,77,0,1
BRDA:378,77,1,6
BRDA:379,78,0,0
BRDA:379,78,1,6
BRF:158
BRH:133
end_of_record
