TN:
SF:jobFetcher.js
FN:8,slugify
FN:18,cacheGet
FN:28,cacheSet
FN:38,randomPostedAt
FN:43,getMockData
FN:104,extractRequirements
FN:128,httpGet
FN:129,(anonymous_7)
FN:134,(anonymous_8)
FN:136,(anonymous_9)
FN:139,(anonymous_10)
FN:147,formatPayRange
FN:151,(anonymous_12)
FN:160,transformJSearchJob
FN:188,sanitizeTitle
FN:196,buildSingleQuery
FN:213,fetchOneTitle
FN:283,deduplicateJobs
FN:285,(anonymous_18)
FN:296,fetchFromJSearch
FN:317,(anonymous_20)
FN:326,(anonymous_21)
FN:331,(anonymous_22)
FN:344,(anonymous_23)
FN:355,(anonymous_24)
FN:385,isCompatibleWithLocation
FN:388,(anonymous_26)
FN:393,transformRemotiveJob
FN:409,fetchFromRemotive
FN:425,(anonymous_29)
FN:433,(anonymous_30)
FN:438,fetchJobs
FN:455,(anonymous_32)
FN:460,clearCache
FN:462,(anonymous_34)
FN:463,(anonymous_35)
FN:478,(anonymous_36)
FNF:37
FNH:37
FNDA:54,slugify
FNDA:20,cacheGet
FNDA:16,cacheSet
FNDA:13,randomPostedAt
FNDA:4,getMockData
FNDA:28,extractRequirements
FNDA:13,httpGet
FNDA:13,(anonymous_7)
FNDA:13,(anonymous_8)
FNDA:13,(anonymous_9)
FNDA:13,(anonymous_10)
FNDA:18,formatPayRange
FNDA:26,(anonymous_12)
FNDA:12,transformJSearchJob
FNDA:34,sanitizeTitle
FNDA:20,buildSingleQuery
FNDA:14,fetchOneTitle
FNDA:21,deduplicateJobs
FNDA:48,(anonymous_18)
FNDA:11,fetchFromJSearch
FNDA:1,(anonymous_20)
FNDA:13,(anonymous_21)
FNDA:7,(anonymous_22)
FNDA:2,(anonymous_23)
FNDA:5,(anonymous_24)
FNDA:13,isCompatibleWithLocation
FNDA:44,(anonymous_26)
FNDA:10,transformRemotiveJob
FNDA:8,fetchFromRemotive
FNDA:6,(anonymous_29)
FNDA:5,(anonymous_30)
FNDA:3,fetchJobs
FNDA:4,(anonymous_32)
FNDA:26,clearCache
FNDA:15,(anonymous_34)
FNDA:15,(anonymous_35)
FNDA:4,(anonymous_36)
DA:1,2
DA:2,2
DA:3,2
DA:5,2
DA:6,2
DA:9,54
DA:19,20
DA:20,20
DA:21,12
DA:22,12
DA:24,1
DA:29,16
DA:30,16
DA:31,16
DA:32,16
DA:34,0
DA:39,13
DA:40,13
DA:44,4
DA:45,0
DA:46,0
DA:50,4
DA:105,28
DA:108,28
DA:109,3
DA:110,10
DA:111,10
DA:115,28
DA:118,27
DA:120,24
DA:122,50
DA:125,27
DA:129,13
DA:130,13
DA:133,13
DA:135,13
DA:136,13
DA:137,13
DA:139,13
DA:148,18
DA:149,14
DA:150,14
DA:151,14
DA:152,26
DA:155,14
DA:156,2
DA:157,1
DA:161,12
DA:162,12
DA:163,12
DA:164,12
DA:165,12
DA:167,12
DA:189,34
DA:197,20
DA:198,20
DA:199,19
DA:200,19
DA:201,19
DA:209,19
DA:219,14
DA:220,14
DA:222,14
DA:223,14
DA:226,14
DA:227,0
DA:228,0
DA:232,14
DA:233,14
DA:234,9
DA:235,9
DA:238,5
DA:240,5
DA:248,5
DA:249,5
DA:250,5
DA:252,0
DA:253,0
DA:259,5
DA:262,5
DA:263,5
DA:265,1
DA:268,4
DA:269,1
DA:274,3
DA:277,3
DA:278,3
DA:280,3
DA:284,21
DA:285,21
DA:287,48
DA:288,48
DA:289,44
DA:290,44
DA:294,2
DA:302,11
DA:303,2
DA:304,2
DA:307,9
DA:308,9
DA:309,9
DA:310,1
DA:312,8
DA:316,8
DA:317,1
DA:318,1
DA:320,1
DA:324,7
DA:326,13
DA:327,7
DA:330,7
DA:332,7
DA:335,5
DA:336,5
DA:341,5
DA:342,5
DA:343,2
DA:345,2
DA:348,2
DA:349,2
DA:353,5
DA:354,5
DA:356,5
DA:363,5
DA:364,5
DA:366,5
DA:367,5
DA:370,5
DA:375,2
DA:386,13
DA:387,10
DA:388,44
DA:389,4
DA:390,4
DA:394,10
DA:395,10
DA:410,8
DA:411,8
DA:415,8
DA:418,7
DA:419,7
DA:421,1
DA:424,6
DA:425,6
DA:426,6
DA:428,6
DA:433,6
DA:440,3
DA:441,1
DA:448,2
DA:455,3
DA:456,4
DA:461,26
DA:462,26
DA:463,26
DA:464,15
DA:466,26
DA:469,2
DA:478,4
LF:159
LH:152
BRDA:20,0,0,8
BRDA:20,0,1,12
BRDA:38,1,0,13
BRDA:44,2,0,0
BRDA:44,2,1,4
BRDA:108,3,0,3
BRDA:108,3,1,25
BRDA:111,4,0,9
BRDA:111,4,1,1
BRDA:115,5,0,1
BRDA:115,5,1,27
BRDA:118,6,0,24
BRDA:118,6,1,3
BRDA:128,7,0,8
BRDA:148,8,0,4
BRDA:148,8,1,14
BRDA:148,9,0,18
BRDA:148,9,1,5
BRDA:149,10,0,11
BRDA:149,10,1,3
BRDA:150,11,0,1
BRDA:150,11,1,13
BRDA:150,12,0,1
BRDA:150,12,1,12
BRDA:152,13,0,24
BRDA:152,13,1,2
BRDA:152,14,0,26
BRDA:152,14,1,24
BRDA:155,15,0,12
BRDA:155,15,1,2
BRDA:155,16,0,14
BRDA:155,16,1,13
BRDA:156,17,0,1
BRDA:156,17,1,1
BRDA:161,18,0,12
BRDA:161,18,1,1
BRDA:162,19,0,12
BRDA:162,19,1,1
BRDA:163,20,0,12
BRDA:163,20,1,1
BRDA:165,21,0,12
BRDA:165,21,1,1
BRDA:168,22,0,12
BRDA:168,22,1,0
BRDA:169,23,0,12
BRDA:169,23,1,0
BRDA:170,24,0,12
BRDA:170,24,1,0
BRDA:177,25,0,12
BRDA:177,25,1,1
BRDA:177,25,2,0
BRDA:178,26,0,12
BRDA:178,26,1,0
BRDA:196,27,0,0
BRDA:198,28,0,1
BRDA:198,28,1,19
BRDA:199,29,0,19
BRDA:199,29,1,2
BRDA:205,30,0,19
BRDA:205,30,1,1
BRDA:215,31,0,14
BRDA:216,32,0,0
BRDA:217,33,0,0
BRDA:223,34,0,0
BRDA:223,34,1,14
BRDA:226,35,0,0
BRDA:226,35,1,14
BRDA:233,36,0,9
BRDA:233,36,1,5
BRDA:248,37,0,5
BRDA:248,37,1,0
BRDA:268,38,0,1
BRDA:268,38,1,3
BRDA:270,39,0,1
BRDA:270,39,1,0
BRDA:274,40,0,3
BRDA:274,40,1,0
BRDA:287,41,0,48
BRDA:287,41,1,2
BRDA:288,42,0,4
BRDA:288,42,1,44
BRDA:298,43,0,0
BRDA:299,44,0,10
BRDA:300,45,0,10
BRDA:302,46,0,2
BRDA:302,46,1,9
BRDA:309,47,0,1
BRDA:309,47,1,8
BRDA:309,48,0,9
BRDA:309,48,1,1
BRDA:316,49,0,1
BRDA:316,49,1,7
BRDA:324,50,0,0
BRDA:324,51,0,1
BRDA:327,52,0,7
BRDA:327,52,1,0
BRDA:337,53,0,5
BRDA:337,53,1,0
BRDA:342,54,0,2
BRDA:342,54,1,3
BRDA:342,55,0,5
BRDA:342,55,1,3
BRDA:386,56,0,3
BRDA:386,56,1,10
BRDA:386,57,0,13
BRDA:386,57,1,11
BRDA:388,58,0,6
BRDA:388,58,1,4
BRDA:390,59,0,4
BRDA:390,59,1,4
BRDA:394,60,0,10
BRDA:394,60,1,2
BRDA:396,61,0,10
BRDA:396,61,1,0
BRDA:397,62,0,10
BRDA:397,62,1,0
BRDA:398,63,0,10
BRDA:398,63,1,1
BRDA:400,64,0,10
BRDA:400,64,1,2
BRDA:402,65,0,10
BRDA:402,65,1,0
BRDA:403,66,0,10
BRDA:403,66,1,1
BRDA:409,67,0,6
BRDA:415,68,0,1
BRDA:415,68,1,7
BRDA:424,69,0,6
BRDA:424,69,1,0
BRDA:428,70,0,4
BRDA:428,70,1,2
BRDA:438,71,0,3
BRDA:438,72,0,2
BRDA:440,73,0,1
BRDA:440,73,1,2
BRDA:440,74,0,3
BRDA:440,74,1,2
BRDA:442,75,0,1
BRDA:442,75,1,0
BRDA:456,76,0,3
BRDA:456,76,1,1
BRDA:461,77,0,0
BRDA:461,77,1,26
BRF:143
BRH:119
end_of_record
TN:
SF:matchScorer.js
FN:13,tokenize
FN:18,(anonymous_1)
FN:21,normalize
FN:25,buildResumeTokenSet
FN:29,(anonymous_4)
FN:32,(anonymous_5)
FN:33,(anonymous_6)
FN:36,(anonymous_7)
FN:43,scoreRequirements
FN:51,(anonymous_9)
FN:52,(anonymous_10)
FN:64,seniorityLevel
FN:73,scoreSeniority
FN:80,scoreProximity
FN:98,buildMatchReason
FN:109,scoreJob
FN:125,scoreAndRank
FN:129,(anonymous_17)
FN:130,(anonymous_18)
FNF:19
FNH:18
FNDA:113,tokenize
FNDA:137,(anonymous_1)
FNDA:71,normalize
FNDA:21,buildResumeTokenSet
FNDA:35,(anonymous_4)
FNDA:41,(anonymous_5)
FNDA:3,(anonymous_6)
FNDA:0,(anonymous_7)
FNDA:27,scoreRequirements
FNDA:36,(anonymous_9)
FNDA:37,(anonymous_10)
FNDA:54,seniorityLevel
FNDA:27,scoreSeniority
FNDA:27,scoreProximity
FNDA:27,buildMatchReason
FNDA:27,scoreJob
FNDA:24,scoreAndRank
FNDA:27,(anonymous_17)
FNDA:6,(anonymous_18)
DA:1,1
DA:14,113
DA:18,137
DA:22,71
DA:26,21
DA:27,21
DA:28,35
DA:29,35
DA:31,21
DA:32,41
DA:33,21
DA:35,21
DA:36,0
DA:38,21
DA:44,27
DA:45,22
DA:46,22
DA:47,22
DA:48,36
DA:49,36
DA:50,36
DA:51,36
DA:52,37
DA:53,36
DA:54,11
DA:56,22
DA:61,1
DA:62,1
DA:65,54
DA:66,54
DA:67,49
DA:68,47
DA:71,1
DA:74,27
DA:75,27
DA:81,27
DA:85,27
DA:87,24
DA:88,23
DA:89,23
DA:90,23
DA:91,23
DA:92,2
DA:93,1
DA:99,27
DA:100,27
DA:101,8
DA:102,19
DA:103,19
DA:104,19
DA:110,27
DA:111,27
DA:112,27
DA:115,27
DA:118,27
DA:119,27
DA:121,27
DA:122,27
DA:126,24
DA:127,21
DA:128,21
DA:129,27
DA:130,6
DA:133,1
LF:64
LH:63
BRDA:18,0,0,137
BRDA:18,0,1,117
BRDA:27,1,0,21
BRDA:27,1,1,0
BRDA:31,2,0,21
BRDA:31,2,1,0
BRDA:32,3,0,21
BRDA:32,3,1,0
BRDA:33,4,0,21
BRDA:33,4,1,20
BRDA:35,5,0,21
BRDA:35,5,1,0
BRDA:36,6,0,0
BRDA:36,6,1,0
BRDA:44,7,0,5
BRDA:44,7,1,22
BRDA:51,8,0,36
BRDA:51,8,1,36
BRDA:53,9,0,25
BRDA:53,9,1,11
BRDA:53,10,0,36
BRDA:53,10,1,11
BRDA:53,10,2,11
BRDA:65,11,0,0
BRDA:65,11,1,54
BRDA:66,12,0,5
BRDA:66,12,1,49
BRDA:67,13,0,2
BRDA:67,13,1,47
BRDA:75,14,0,24
BRDA:75,14,1,3
BRDA:75,15,0,1
BRDA:75,15,1,2
BRDA:81,16,0,27
BRDA:81,16,1,24
BRDA:81,16,2,24
BRDA:81,16,3,24
BRDA:82,17,0,24
BRDA:82,17,1,0
BRDA:83,18,0,24
BRDA:83,18,1,0
BRDA:84,19,0,24
BRDA:84,19,1,24
BRDA:85,20,0,3
BRDA:85,20,1,24
BRDA:87,21,0,1
BRDA:87,21,1,23
BRDA:87,22,0,24
BRDA:87,22,1,1
BRDA:88,23,0,23
BRDA:88,23,1,0
BRDA:89,24,0,23
BRDA:89,24,1,0
BRDA:90,25,0,23
BRDA:90,25,1,0
BRDA:91,26,0,21
BRDA:91,26,1,2
BRDA:91,27,0,23
BRDA:91,27,1,23
BRDA:92,28,0,1
BRDA:92,28,1,1
BRDA:92,29,0,2
BRDA:92,29,1,2
BRDA:100,30,0,8
BRDA:100,30,1,19
BRDA:103,31,0,3
BRDA:103,31,1,16
BRDA:111,32,0,27
BRDA:111,32,1,0
BRDA:111,33,0,27
BRDA:111,33,1,0
BRDA:119,34,0,6
BRDA:119,34,1,21
BRDA:126,35,0,3
BRDA:126,35,1,21
BRF:75
BRH:61
end_of_record
TN:
SF:resumeParser.js
FN:34,cleanText
FN:38,splitLines
FN:39,(anonymous_2)
FN:43,extractVocabSkills
FN:50,(anonymous_4)
FN:63,extractLocation
FN:76,(anonymous_6)
FN:95,splitLocation
FN:97,(anonymous_8)
FN:102,parseJobTitle
FN:121,looksLikeJobTitle
FN:141,extractExperience
FN:155,(anonymous_12)
FN:158,extractEducation
FN:183,parseResume
FN:215,(anonymous_15)
FN:216,(anonymous_16)
FN:217,(anonymous_17)
FN:221,(anonymous_18)
FNF:19
FNH:19
FNDA:6,cleanText
FNDA:4,splitLines
FNDA:27,(anonymous_2)
FNDA:6,extractVocabSkills
FNDA:19,(anonymous_4)
FNDA:10,extractLocation
FNDA:15,(anonymous_6)
FNDA:6,splitLocation
FNDA:7,(anonymous_8)
FNDA:11,parseJobTitle
FNDA:28,looksLikeJobTitle
FNDA:6,extractExperience
FNDA:7,(anonymous_12)
FNDA:6,extractEducation
FNDA:2,parseResume
FNDA:3,(anonymous_15)
FNDA:3,(anonymous_16)
FNDA:3,(anonymous_17)
FNDA:8,(anonymous_18)
DA:3,1
DA:29,1
DA:30,1
DA:31,1
DA:35,6
DA:39,27
DA:44,6
DA:45,6
DA:46,6
DA:47,600
DA:48,16
DA:50,19
DA:55,6
DA:59,1
DA:60,1
DA:61,1
DA:65,10
DA:66,21
DA:68,20
DA:69,19
DA:71,18
DA:74,18
DA:75,18
DA:76,15
DA:77,7
DA:78,7
DA:84,7
DA:89,11
DA:92,1
DA:96,6
DA:97,7
DA:98,4
DA:104,11
DA:105,11
DA:107,11
DA:108,11
DA:110,11
DA:113,1
DA:115,1
DA:116,1
DA:117,1
DA:119,1
DA:123,28
DA:124,27
DA:125,26
DA:126,14
DA:127,12
DA:128,11
DA:130,11
DA:131,11
DA:132,11
DA:135,11
DA:138,9
DA:142,6
DA:143,6
DA:145,6
DA:146,21
DA:147,7
DA:148,7
DA:149,14
DA:150,11
DA:153,6
DA:155,7
DA:159,6
DA:160,6
DA:162,6
DA:163,8
DA:164,8
DA:166,8
DA:167,4
DA:168,4
DA:169,4
DA:170,4
DA:175,4
DA:176,1
DA:179,6
DA:180,6
DA:184,2
DA:185,2
DA:188,2
DA:191,2
DA:192,2
DA:193,2
DA:195,2
DA:196,17
DA:197,3
DA:198,3
DA:199,3
DA:201,14
DA:204,2
DA:206,2
DA:207,2
DA:209,2
DA:210,2
DA:213,2
DA:214,2
DA:215,3
DA:216,3
DA:217,3
DA:219,2
DA:221,8
DA:222,2
DA:224,2
DA:225,2
DA:227,2
DA:239,1
LF:106
LH:106
BRDA:47,0,0,16
BRDA:47,0,1,584
BRDA:66,1,0,1
BRDA:66,1,1,20
BRDA:66,2,0,21
BRDA:66,2,1,20
BRDA:68,3,0,1
BRDA:68,3,1,19
BRDA:69,4,0,1
BRDA:69,4,1,18
BRDA:75,5,0,7
BRDA:75,5,1,11
BRDA:78,6,0,7
BRDA:78,6,1,0
BRDA:79,7,0,7
BRDA:79,7,1,0
BRDA:79,7,2,0
BRDA:79,7,3,0
BRDA:89,8,0,2
BRDA:89,8,1,9
BRDA:96,9,0,2
BRDA:96,9,1,4
BRDA:98,10,0,4
BRDA:98,10,1,0
BRDA:98,11,0,4
BRDA:98,11,1,1
BRDA:123,12,0,1
BRDA:123,12,1,27
BRDA:124,13,0,1
BRDA:124,13,1,26
BRDA:125,14,0,12
BRDA:125,14,1,14
BRDA:126,15,0,2
BRDA:126,15,1,12
BRDA:127,16,0,1
BRDA:127,16,1,11
BRDA:128,17,0,0
BRDA:128,17,1,11
BRDA:135,18,0,2
BRDA:135,18,1,9
BRDA:135,19,0,2
BRDA:135,19,1,1
BRDA:138,20,0,9
BRDA:138,20,1,8
BRDA:138,20,2,8
BRDA:146,21,0,7
BRDA:146,21,1,14
BRDA:146,22,0,21
BRDA:146,22,1,7
BRDA:147,23,0,2
BRDA:147,23,1,5
BRDA:149,24,0,11
BRDA:149,24,1,3
BRDA:150,25,0,4
BRDA:150,25,1,7
BRDA:153,26,0,5
BRDA:153,26,1,1
BRDA:166,27,0,4
BRDA:166,27,1,4
BRDA:166,28,0,8
BRDA:166,28,1,5
BRDA:167,29,0,0
BRDA:167,29,1,4
BRDA:172,30,0,4
BRDA:172,30,1,1
BRDA:173,31,0,4
BRDA:173,31,1,1
BRDA:175,32,0,1
BRDA:175,32,1,3
BRDA:175,33,0,4
BRDA:175,33,1,2
BRDA:179,34,0,4
BRDA:179,34,1,2
BRDA:196,35,0,3
BRDA:196,35,1,14
BRDA:206,36,0,2
BRDA:206,36,1,1
BRDA:206,36,2,1
BRDA:206,36,3,1
BRDA:207,37,0,2
BRDA:207,37,1,1
BRDA:207,37,2,1
BRDA:207,37,3,1
BRDA:209,38,0,1
BRDA:209,38,1,1
BRDA:216,39,0,3
BRDA:216,39,1,3
BRDA:217,40,0,0
BRDA:217,40,1,3
BRDA:219,41,0,2
BRDA:219,41,1,0
BRF:91
BRH:82
end_of_record
TN:
SF:resumeParserAI.js
FN:4,getClient
FN:43,parseResumeAI
FN:71,(anonymous_2)
FN:77,(anonymous_3)
FN:83,(anonymous_4)
FN:87,(anonymous_5)
FNF:6
FNH:6
FNDA:9,getClient
FNDA:9,parseResumeAI
FNDA:7,(anonymous_2)
FNDA:6,(anonymous_3)
FNDA:7,(anonymous_4)
FNDA:9,(anonymous_5)
DA:1,1
DA:3,1
DA:5,9
DA:6,9
DA:9,1
DA:44,9
DA:55,9
DA:56,9
DA:59,8
DA:60,8
DA:62,1
DA:65,7
DA:71,7
DA:77,6
DA:83,7
DA:87,9
LF:16
LH:16
BRDA:5,0,0,9
BRDA:5,0,1,0
BRDA:56,1,0,1
BRDA:56,1,1,8
BRDA:66,2,0,7
BRDA:66,2,1,1
BRDA:67,3,0,7
BRDA:67,3,1,1
BRDA:68,4,0,7
BRDA:68,4,1,1
BRDA:69,5,0,7
BRDA:69,5,1,1
BRDA:70,6,0,7
BRDA:70,6,1,1
BRDA:71,7,0,7
BRDA:71,7,1,1
BRDA:72,8,0,7
BRDA:72,8,1,0
BRDA:73,9,0,7
BRDA:73,9,1,1
BRDA:74,10,0,7
BRDA:74,10,1,1
BRDA:75,11,0,7
BRDA:75,11,1,3
BRDA:77,12,0,7
BRDA:77,12,1,1
BRDA:78,13,0,6
BRDA:78,13,1,0
BRDA:79,14,0,6
BRDA:79,14,1,0
BRDA:81,15,0,7
BRDA:81,15,1,1
BRDA:82,16,0,7
BRDA:82,16,1,1
BRDA:83,17,0,7
BRDA:83,17,1,1
BRF:36
BRH:32
end_of_record
TN:
SF:tailorResume.js
FN:4,getClient
FN:47,stripJdNoise
FN:58,slugify
FN:62,splitDescription
FN:66,(anonymous_4)
FN:67,(anonymous_5)
FN:70,buildUserMessage
FN:93,(anonymous_7)
FN:125,extractMetrics
FN:140,getRawResumeText
FN:153,stripHallucinatedMetrics
FN:168,truncateItem
FN:173,extractJdKeywords
FN:177,(anonymous_13)
FN:180,countJdKeywords
FN:182,(anonymous_15)
FN:187,truncateRationale
FN:195,scoreTailoredResult
FN:229,(anonymous_18)
FN:239,(anonymous_19)
FN:280,normalizeSectionItem
FN:284,(anonymous_21)
FN:291,(anonymous_22)
FN:302,streamTailorResume
FN:351,tailorResume
FN:374,validateSuggestionAST
FN:390,(anonymous_26)
FNF:27
FNH:27
FNDA:6,getClient
FNDA:13,stripJdNoise
FNDA:9,slugify
FNDA:2,splitDescription
FNDA:2,(anonymous_4)
FNDA:2,(anonymous_5)
FNDA:13,buildUserMessage
FNDA:15,(anonymous_7)
FNDA:28,extractMetrics
FNDA:17,getRawResumeText
FNDA:10,stripHallucinatedMetrics
FNDA:6,truncateItem
FNDA:6,extractJdKeywords
FNDA:24,(anonymous_13)
FNDA:7,countJdKeywords
FNDA:5,(anonymous_15)
FNDA:10,truncateRationale
FNDA:12,scoreTailoredResult
FNDA:6,(anonymous_18)
FNDA:28,(anonymous_19)
FNDA:6,normalizeSectionItem
FNDA:6,(anonymous_21)
FNDA:6,(anonymous_22)
FNDA:6,streamTailorResume
FNDA:6,tailorResume
FNDA:9,validateSuggestionAST
FNDA:6,(anonymous_26)
DA:1,1
DA:3,1
DA:5,6
DA:6,6
DA:12,1
DA:40,1
DA:48,13
DA:49,13
DA:50,52
DA:53,13
DA:59,9
DA:63,2
DA:64,1
DA:66,2
DA:67,2
DA:71,13
DA:72,13
DA:73,13
DA:74,13
DA:76,13
DA:77,9
DA:78,9
DA:81,13
DA:82,13
DA:83,9
DA:84,9
DA:85,9
DA:86,9
DA:87,9
DA:90,9
DA:91,1
DA:93,15
DA:98,13
DA:99,13
DA:100,1
DA:101,1
DA:102,1
DA:106,13
DA:107,13
DA:108,6
DA:109,6
DA:112,13
DA:113,13
DA:114,1
DA:115,1
DA:116,1
DA:120,13
DA:126,28
DA:133,28
DA:134,28
DA:135,140
DA:137,28
DA:141,17
DA:142,17
DA:143,17
DA:144,14
DA:145,14
DA:147,17
DA:148,1
DA:150,17
DA:154,10
DA:155,10
DA:156,4
DA:157,3
DA:165,10
DA:169,6
DA:170,3
DA:174,6
DA:175,6
DA:176,24
DA:177,24
DA:181,7
DA:182,7
DA:188,10
DA:189,4
DA:190,4
DA:196,12
DA:197,12
DA:199,12
DA:200,12
DA:201,12
DA:202,12
DA:203,13
DA:204,13
DA:205,13
DA:208,12
DA:209,7
DA:210,7
DA:211,1
DA:212,1
DA:214,7
DA:215,1
DA:216,1
DA:222,12
DA:230,6
DA:231,6
DA:232,6
DA:233,6
DA:234,6
DA:235,6
DA:236,6
DA:240,28
DA:241,28
DA:243,28
DA:244,9
DA:245,9
DA:246,5
DA:247,5
DA:248,5
DA:251,24
DA:252,24
DA:253,1119
DA:254,1119
DA:255,1119
DA:256,922
DA:257,922
DA:258,922
DA:260,197
DA:261,119
DA:262,107
DA:263,17
DA:264,17
DA:265,6
DA:266,6
DA:267,6
DA:268,6
DA:271,197
DA:273,24
DA:274,24
DA:281,6
DA:282,6
DA:283,6
DA:284,6
DA:291,6
DA:292,6
DA:293,6
DA:303,6
DA:304,6
DA:305,6
DA:307,6
DA:308,6
DA:309,6
DA:311,6
DA:325,6
DA:326,6
DA:327,6
DA:328,28
DA:329,28
DA:330,28
DA:332,28
DA:333,6
DA:334,6
DA:335,6
DA:336,6
DA:341,6
DA:342,6
DA:343,6
DA:344,6
DA:345,6
DA:346,6
DA:352,6
DA:353,6
DA:355,6
DA:356,12
DA:357,12
DA:360,6
DA:361,6
DA:362,6
DA:363,6
DA:364,6
DA:365,6
DA:366,6
DA:368,6
DA:369,6
DA:375,9
DA:376,8
DA:377,8
DA:378,7
DA:379,6
DA:380,6
DA:381,6
DA:384,1
DA:390,6
LF:183
LH:183
BRDA:5,0,0,6
BRDA:5,0,1,0
BRDA:59,1,0,9
BRDA:59,1,1,0
BRDA:63,2,0,1
BRDA:63,2,1,1
BRDA:76,3,0,9
BRDA:76,3,1,4
BRDA:81,4,0,13
BRDA:81,4,1,4
BRDA:82,5,0,9
BRDA:82,5,1,4
BRDA:87,6,0,7
BRDA:87,6,1,2
BRDA:87,7,0,9
BRDA:87,7,1,8
BRDA:90,8,0,1
BRDA:90,8,1,8
BRDA:98,9,0,13
BRDA:98,9,1,6
BRDA:99,10,0,1
BRDA:99,10,1,12
BRDA:106,11,0,13
BRDA:106,11,1,7
BRDA:107,12,0,6
BRDA:107,12,1,7
BRDA:112,13,0,13
BRDA:112,13,1,12
BRDA:113,14,0,1
BRDA:113,14,1,12
BRDA:116,15,0,1
BRDA:116,15,1,0
BRDA:116,16,0,1
BRDA:116,16,1,0
BRDA:116,17,0,1
BRDA:116,17,1,0
BRDA:142,18,0,13
BRDA:142,18,1,4
BRDA:143,19,0,17
BRDA:143,19,1,3
BRDA:144,20,0,1
BRDA:144,20,1,13
BRDA:145,21,0,13
BRDA:145,21,1,1
BRDA:147,22,0,17
BRDA:147,22,1,4
BRDA:148,23,0,1
BRDA:148,23,1,0
BRDA:156,24,0,3
BRDA:156,24,1,1
BRDA:169,25,0,3
BRDA:169,25,1,3
BRDA:174,26,0,6
BRDA:174,26,1,0
BRDA:176,27,0,24
BRDA:176,27,1,24
BRDA:177,28,0,24
BRDA:177,28,1,24
BRDA:188,29,0,6
BRDA:188,29,1,4
BRDA:190,30,0,3
BRDA:190,30,1,1
BRDA:199,31,0,12
BRDA:199,31,1,0
BRDA:201,32,0,12
BRDA:201,32,1,0
BRDA:203,33,0,13
BRDA:203,33,1,0
BRDA:208,34,0,7
BRDA:208,34,1,5
BRDA:210,35,0,1
BRDA:210,35,1,6
BRDA:214,36,0,1
BRDA:214,36,1,6
BRDA:243,37,0,9
BRDA:243,37,1,19
BRDA:245,38,0,4
BRDA:245,38,1,5
BRDA:254,39,0,0
BRDA:254,39,1,1119
BRDA:255,40,0,922
BRDA:255,40,1,197
BRDA:256,41,0,0
BRDA:256,41,1,922
BRDA:257,42,0,78
BRDA:257,42,1,844
BRDA:260,43,0,78
BRDA:260,43,1,119
BRDA:261,44,0,12
BRDA:261,44,1,107
BRDA:261,45,0,6
BRDA:261,45,1,6
BRDA:262,46,0,17
BRDA:262,46,1,90
BRDA:264,47,0,6
BRDA:264,47,1,11
BRDA:264,48,0,17
BRDA:264,48,1,6
BRDA:281,49,0,0
BRDA:281,49,1,6
BRDA:284,50,0,6
BRDA:284,50,1,0
BRDA:285,51,0,6
BRDA:285,51,1,0
BRDA:286,52,0,6
BRDA:286,52,1,2
BRDA:287,53,0,6
BRDA:287,53,1,0
BRDA:288,54,0,3
BRDA:288,54,1,3
BRDA:289,55,0,3
BRDA:289,55,1,0
BRDA:290,56,0,3
BRDA:290,56,1,0
BRDA:292,57,0,0
BRDA:292,57,1,6
BRDA:295,58,0,6
BRDA:295,58,1,4
BRDA:303,59,0,6
BRDA:303,59,1,0
BRDA:304,60,0,6
BRDA:304,60,1,0
BRDA:323,61,0,0
BRDA:323,61,1,6
BRDA:328,62,0,28
BRDA:328,62,1,6
BRDA:329,63,0,6
BRDA:329,63,1,22
BRDA:330,64,0,28
BRDA:330,64,1,0
BRDA:334,65,0,6
BRDA:334,65,1,0
BRDA:343,66,0,6
BRDA:343,66,1,0
BRDA:344,67,0,6
BRDA:344,67,1,0
BRDA:356,68,0,6
BRDA:356,68,1,6
BRDA:357,69,0,6
BRDA:357,69,1,6
BRDA:365,70,0,0
BRDA:365,70,1,6
BRDA:366,71,0,0
BRDA:366,71,1,6
BRDA:368,72,0,6
BRDA:368,72,1,0
BRDA:375,73,0,1
BRDA:375,73,1,8
BRDA:375,74,0,9
BRDA:375,74,1,8
BRDA:377,75,0,1
BRDA:377,75,1,7
BRDA:377,76,0,8
BRDA:377,76,1,7
BRDA:378,77,0,1
BRDA:378,77,1,6
BRDA:379,78,0,0
BRDA:379,78,1,6
BRF:158
BRH:128
end_of_record
